{"ts":"2026-07-09T22:35:29.417Z","event":"server-listening","address":{"address":"127.0.0.1","family":"IPv4","port":47900}}
{"event":"m2-server-ready","address":{"address":"127.0.0.1","family":"IPv4","port":47900},"store":".omo/live-qa/m3-x2refresh-20260710-0731/store.json"}
{"ts":"2026-07-09T22:36:24.287Z","event":"connection-opened","connectionId":1,"remoteAddress":"127.0.0.1","remotePort":4149}
{"ts":"2026-07-09T22:36:24.290Z","event":"frame-received","connectionId":1,"codeHex":"0x0034","length":26,"bodyBytes":24}
{"ts":"2026-07-09T22:36:24.309Z","event":"phase3-sent","connectionId":1,"codeHex":"0x0035","phase1KeyBytes":16,"sequence":1}
{"ts":"2026-07-09T22:36:24.310Z","event":"frame-received","connectionId":1,"codeHex":"0x0036","length":10,"bodyBytes":8}
{"ts":"2026-07-09T22:36:24.310Z","event":"frame-received","connectionId":1,"codeHex":"0x0030","length":50,"bodyBytes":48}
{"ts":"2026-07-09T22:36:24.318Z","event":"0030-decoded","connectionId":1,"id":1,"innerCodeHex":"0x7000","innerLen":39}
{"ts":"2026-07-09T22:36:24.318Z","event":"login-credential","connectionId":1,"account":"inei00","authOk":true,"reason":null}
{"ts":"2026-07-09T22:36:24.334Z","event":"login-response-sent","connectionId":1,"keysetupCodeHex":"0x0031","redirectCodeHex":"0x7001","gin7KeyHex":"47494e370001000000070069006e006500690030003000000600640075006d006d00790000"}
{"ts":"2026-07-09T22:36:24.337Z","event":"peer-fin","connectionId":1}
{"ts":"2026-07-09T22:36:24.338Z","event":"connection-closed","connectionId":1,"hadError":false}
{"ts":"2026-07-09T22:36:24.339Z","event":"connection-opened","connectionId":2,"remoteAddress":"127.0.0.1","remotePort":4150}
{"ts":"2026-07-09T22:36:24.344Z","event":"frame-received","connectionId":2,"codeHex":"0x0034","length":26,"bodyBytes":24}
{"ts":"2026-07-09T22:36:24.350Z","event":"phase3-sent","connectionId":2,"codeHex":"0x0035","phase1KeyBytes":16,"sequence":1}
{"ts":"2026-07-09T22:36:24.350Z","event":"frame-received","connectionId":2,"codeHex":"0x0036","length":10,"bodyBytes":8}
{"ts":"2026-07-09T22:36:24.350Z","event":"frame-received","connectionId":2,"codeHex":"0x0030","length":18,"bodyBytes":16}
{"ts":"2026-07-09T22:36:24.356Z","event":"0030-decoded","connectionId":2,"id":1,"innerCodeHex":"0x0020","innerLen":6}
{"ts":"2026-07-09T22:36:24.356Z","event":"lobby-session-init","connectionId":2,"id":1}
{"ts":"2026-07-09T22:36:24.357Z","event":"frame-received","connectionId":2,"codeHex":"0x0030","length":42,"bodyBytes":40}
{"ts":"2026-07-09T22:36:24.365Z","event":"0030-decoded","connectionId":2,"id":2,"innerCodeHex":"0x2000","innerLen":25}
{"ts":"2026-07-09T22:36:24.372Z","event":"lobby-login-ok-sent","connectionId":2,"account":"inei00","replyId":3,"okCodeHex":"0x2001","okFormat":"message32","subheaderLen":4,"characterCount":1}
{"ts":"2026-07-09T22:36:35.112Z","event":"frame-received","connectionId":2,"codeHex":"0x0030","length":18,"bodyBytes":16}
{"ts":"2026-07-09T22:36:35.118Z","event":"0030-decoded","connectionId":2,"id":3,"innerCodeHex":"0x2003","innerLen":2}
{"ts":"2026-07-09T22:36:35.128Z","event":"lobby-response-sent","connectionId":2,"replyId":4,"requestInnerCodeHex":"0x2003","responseInnerBytes":1762}
{"ts":"2026-07-09T22:36:35.136Z","event":"frame-received","connectionId":2,"codeHex":"0x0030","length":18,"bodyBytes":16}
{"ts":"2026-07-09T22:36:35.142Z","event":"0030-decoded","connectionId":2,"id":4,"innerCodeHex":"0x2005","innerLen":3}
{"ts":"2026-07-09T22:36:35.179Z","event":"lobby-response-sent","connectionId":2,"replyId":5,"requestInnerCodeHex":"0x2005","responseInnerBytes":21258}
{"ts":"2026-07-09T22:36:35.191Z","event":"frame-received","connectionId":2,"codeHex":"0x0030","length":18,"bodyBytes":16}
{"ts":"2026-07-09T22:36:35.197Z","event":"0030-decoded","connectionId":2,"id":5,"innerCodeHex":"0x2005","innerLen":3}
{"ts":"2026-07-09T22:36:35.230Z","event":"lobby-response-sent","connectionId":2,"replyId":6,"requestInnerCodeHex":"0x2005","responseInnerBytes":21258}
{"ts":"2026-07-09T22:37:12.993Z","event":"frame-received","connectionId":2,"codeHex":"0x0030","length":18,"bodyBytes":16}
{"ts":"2026-07-09T22:37:12.999Z","event":"0030-decoded","connectionId":2,"id":6,"innerCodeHex":"0x2009","innerLen":4}
{"ts":"2026-07-09T22:37:13.000Z","event":"session-login","connectionId":2,"createPending":false,"characterId":1,"sessionId":1,"responseIsMsg32":true,"responseHex":"00000000200a0100007fbb1c000000000001","innerHex":"20090100"}
{"ts":"2026-07-09T22:37:13.007Z","event":"world-response-sent","connectionId":2,"kind":"session-login-redirect","codes":[8202],"responseCount":1,"cell":null,"text":null}
{"ts":"2026-07-09T22:37:13.018Z","event":"peer-fin","connectionId":2}
{"ts":"2026-07-09T22:37:13.019Z","event":"connection-closed","connectionId":2,"hadError":false}
{"ts":"2026-07-09T22:37:13.019Z","event":"connection-opened","connectionId":3,"remoteAddress":"127.0.0.1","remotePort":4155}
{"ts":"2026-07-09T22:37:13.024Z","event":"frame-received","connectionId":3,"codeHex":"0x0034","length":26,"bodyBytes":24}
{"ts":"2026-07-09T22:37:13.030Z","event":"phase3-sent","connectionId":3,"codeHex":"0x0035","phase1KeyBytes":16,"sequence":1}
{"ts":"2026-07-09T22:37:13.031Z","event":"frame-received","connectionId":3,"codeHex":"0x0036","length":10,"bodyBytes":8}
{"ts":"2026-07-09T22:37:13.031Z","event":"frame-received","connectionId":3,"codeHex":"0x0030","length":18,"bodyBytes":16}
{"ts":"2026-07-09T22:37:13.037Z","event":"0030-decoded","connectionId":3,"id":1,"innerCodeHex":"0x0020","innerLen":6}
{"ts":"2026-07-09T22:37:13.037Z","event":"lobby-session-init","connectionId":3,"id":1}
{"ts":"2026-07-09T22:37:13.037Z","event":"frame-received","connectionId":3,"codeHex":"0x0030","length":42,"bodyBytes":40}
{"ts":"2026-07-09T22:37:13.043Z","event":"0030-decoded","connectionId":3,"id":2,"innerCodeHex":"0x0200","innerLen":25}
{"ts":"2026-07-09T22:37:13.048Z","event":"ss-login-ok-sent","connectionId":3,"replyId":3,"account":"inei00","requestInnerBytes":25,"responseHex":"00000000020101","note":"world records deferred to 0x0205 SSGameLoginRequest"}
{"ts":"2026-07-09T22:37:14.576Z","event":"frame-received","connectionId":3,"codeHex":"0x0030","length":18,"bodyBytes":16}
{"ts":"2026-07-09T22:37:14.582Z","event":"0030-decoded","connectionId":3,"id":3,"innerCodeHex":"0x0205","innerLen":2}
{"ts":"2026-07-09T22:37:14.668Z","event":"world-response-sent","connectionId":3,"kind":"world-enter","codes":[518,516,803,805],"responseCount":4,"cell":null,"text":null}
{"ts":"2026-07-09T22:37:14.668Z","event":"frame-received","connectionId":3,"codeHex":"0x0030","length":18,"bodyBytes":16}
{"ts":"2026-07-09T22:37:14.673Z","event":"0030-decoded","connectionId":3,"id":4,"innerCodeHex":"0x0205","innerLen":2}
{"ts":"2026-07-09T22:37:14.757Z","event":"world-response-sent","connectionId":3,"kind":"world-enter","codes":[518,516,803,805],"responseCount":4,"cell":null,"text":null}
{"ts":"2026-07-09T22:37:14.757Z","event":"frame-received","connectionId":3,"codeHex":"0x0030","length":18,"bodyBytes":16}
{"ts":"2026-07-09T22:37:14.763Z","event":"0030-decoded","connectionId":3,"id":5,"innerCodeHex":"0x0304","innerLen":2}
{"ts":"2026-07-09T22:37:14.792Z","event":"world-response-sent","connectionId":3,"kind":"admission","codes":null,"responseCount":1,"cell":null,"text":null}
{"ts":"2026-07-09T22:37:14.796Z","event":"frame-received","connectionId":3,"codeHex":"0x0030","length":18,"bodyBytes":16}
{"ts":"2026-07-09T22:37:14.802Z","event":"0030-decoded","connectionId":3,"id":6,"innerCodeHex":"0x0306","innerLen":2}
{"ts":"2026-07-09T22:37:14.877Z","event":"world-response-sent","connectionId":3,"kind":"admission","codes":null,"responseCount":1,"cell":null,"text":null}
{"ts":"2026-07-09T22:37:14.881Z","event":"frame-received","connectionId":3,"codeHex":"0x0030","length":18,"bodyBytes":16}
{"ts":"2026-07-09T22:37:14.887Z","event":"0030-decoded","connectionId":3,"id":7,"innerCodeHex":"0x0314","innerLen":2}
{"ts":"2026-07-09T22:37:15.062Z","event":"world-response-sent","connectionId":3,"kind":"admission-world-ready","codes":null,"responseCount":8,"cell":null,"text":null}
