{"ts":"2026-07-09T17:22:54.512Z","event":"server-listening","address":{"address":"127.0.0.1","family":"IPv4","port":47900}}
{"event":"m2-server-ready","address":{"address":"127.0.0.1","family":"IPv4","port":47900},"store":".omo/live-qa/m3-world-msg32-20260710-0218/store.json"}
{"ts":"2026-07-09T17:24:19.946Z","event":"connection-opened","connectionId":1,"remoteAddress":"127.0.0.1","remotePort":13616}
{"ts":"2026-07-09T17:24:19.948Z","event":"frame-received","connectionId":1,"codeHex":"0x0034","length":26,"bodyBytes":24}
{"ts":"2026-07-09T17:24:19.962Z","event":"phase3-sent","connectionId":1,"codeHex":"0x0035","phase1KeyBytes":16,"sequence":1}
{"ts":"2026-07-09T17:24:19.977Z","event":"frame-received","connectionId":1,"codeHex":"0x0036","length":10,"bodyBytes":8}
{"ts":"2026-07-09T17:24:19.978Z","event":"frame-received","connectionId":1,"codeHex":"0x0030","length":50,"bodyBytes":48}
{"ts":"2026-07-09T17:24:19.985Z","event":"0030-decoded","connectionId":1,"id":1,"innerCodeHex":"0x7000","innerLen":39}
{"ts":"2026-07-09T17:24:19.985Z","event":"login-credential","connectionId":1,"account":"inei00","authOk":true,"reason":null}
{"ts":"2026-07-09T17:24:20.000Z","event":"login-response-sent","connectionId":1,"keysetupCodeHex":"0x0031","redirectCodeHex":"0x7001","gin7KeyHex":"47494e370001000000070069006e006500690030003000000600640075006d006d00790000"}
{"ts":"2026-07-09T17:24:20.006Z","event":"peer-fin","connectionId":1}
{"ts":"2026-07-09T17:24:20.007Z","event":"connection-closed","connectionId":1,"hadError":false}
{"ts":"2026-07-09T17:24:20.008Z","event":"connection-opened","connectionId":2,"remoteAddress":"127.0.0.1","remotePort":13617}
{"ts":"2026-07-09T17:24:20.013Z","event":"frame-received","connectionId":2,"codeHex":"0x0034","length":26,"bodyBytes":24}
{"ts":"2026-07-09T17:24:20.020Z","event":"phase3-sent","connectionId":2,"codeHex":"0x0035","phase1KeyBytes":16,"sequence":1}
{"ts":"2026-07-09T17:24:20.020Z","event":"frame-received","connectionId":2,"codeHex":"0x0036","length":10,"bodyBytes":8}
{"ts":"2026-07-09T17:24:20.020Z","event":"frame-received","connectionId":2,"codeHex":"0x0030","length":18,"bodyBytes":16}
{"ts":"2026-07-09T17:24:20.026Z","event":"0030-decoded","connectionId":2,"id":1,"innerCodeHex":"0x0020","innerLen":6}
{"ts":"2026-07-09T17:24:20.026Z","event":"lobby-session-init","connectionId":2,"id":1}
{"ts":"2026-07-09T17:24:20.027Z","event":"frame-received","connectionId":2,"codeHex":"0x0030","length":42,"bodyBytes":40}
{"ts":"2026-07-09T17:24:20.034Z","event":"0030-decoded","connectionId":2,"id":2,"innerCodeHex":"0x2000","innerLen":25}
{"ts":"2026-07-09T17:24:20.040Z","event":"lobby-login-ok-sent","connectionId":2,"account":"inei00","replyId":3,"okCodeHex":"0x2001","okFormat":"message32","subheaderLen":4,"characterCount":1}
{"ts":"2026-07-09T17:24:30.954Z","event":"frame-received","connectionId":2,"codeHex":"0x0030","length":18,"bodyBytes":16}
{"ts":"2026-07-09T17:24:30.961Z","event":"0030-decoded","connectionId":2,"id":3,"innerCodeHex":"0x2003","innerLen":2}
{"ts":"2026-07-09T17:24:30.971Z","event":"lobby-response-sent","connectionId":2,"replyId":4,"requestInnerCodeHex":"0x2003","responseInnerBytes":1762}
{"ts":"2026-07-09T17:24:30.980Z","event":"frame-received","connectionId":2,"codeHex":"0x0030","length":18,"bodyBytes":16}
{"ts":"2026-07-09T17:24:30.987Z","event":"0030-decoded","connectionId":2,"id":4,"innerCodeHex":"0x2005","innerLen":3}
{"ts":"2026-07-09T17:24:31.024Z","event":"lobby-response-sent","connectionId":2,"replyId":5,"requestInnerCodeHex":"0x2005","responseInnerBytes":21258}
{"ts":"2026-07-09T17:24:31.036Z","event":"frame-received","connectionId":2,"codeHex":"0x0030","length":18,"bodyBytes":16}
{"ts":"2026-07-09T17:24:31.043Z","event":"0030-decoded","connectionId":2,"id":5,"innerCodeHex":"0x2005","innerLen":3}
{"ts":"2026-07-09T17:24:31.076Z","event":"lobby-response-sent","connectionId":2,"replyId":6,"requestInnerCodeHex":"0x2005","responseInnerBytes":21258}
{"ts":"2026-07-09T17:25:28.030Z","event":"frame-received","connectionId":2,"codeHex":"0x0030","length":18,"bodyBytes":16}
{"ts":"2026-07-09T17:25:28.037Z","event":"0030-decoded","connectionId":2,"id":6,"innerCodeHex":"0x2009","innerLen":4}
{"ts":"2026-07-09T17:25:28.037Z","event":"session-login","connectionId":2,"createPending":false,"characterId":1,"sessionId":1,"responseIsMsg32":true,"responseHex":"00000000200a0100007fbb1c000000000001","innerHex":"20090100"}
{"ts":"2026-07-09T17:25:28.044Z","event":"world-response-sent","connectionId":2,"kind":"session-login-redirect","codes":[8202],"responseCount":1,"cell":null,"text":null}
{"ts":"2026-07-09T17:25:28.056Z","event":"peer-fin","connectionId":2}
{"ts":"2026-07-09T17:25:28.057Z","event":"connection-closed","connectionId":2,"hadError":false}
{"ts":"2026-07-09T17:25:28.057Z","event":"connection-opened","connectionId":3,"remoteAddress":"127.0.0.1","remotePort":13622}
{"ts":"2026-07-09T17:25:28.063Z","event":"frame-received","connectionId":3,"codeHex":"0x0034","length":26,"bodyBytes":24}
{"ts":"2026-07-09T17:25:28.070Z","event":"phase3-sent","connectionId":3,"codeHex":"0x0035","phase1KeyBytes":16,"sequence":1}
{"ts":"2026-07-09T17:25:28.070Z","event":"frame-received","connectionId":3,"codeHex":"0x0036","length":10,"bodyBytes":8}
{"ts":"2026-07-09T17:25:28.070Z","event":"frame-received","connectionId":3,"codeHex":"0x0030","length":18,"bodyBytes":16}
{"ts":"2026-07-09T17:25:28.076Z","event":"0030-decoded","connectionId":3,"id":1,"innerCodeHex":"0x0020","innerLen":6}
{"ts":"2026-07-09T17:25:28.076Z","event":"lobby-session-init","connectionId":3,"id":1}
{"ts":"2026-07-09T17:25:28.077Z","event":"frame-received","connectionId":3,"codeHex":"0x0030","length":42,"bodyBytes":40}
{"ts":"2026-07-09T17:25:28.083Z","event":"0030-decoded","connectionId":3,"id":2,"innerCodeHex":"0x0200","innerLen":25}
{"ts":"2026-07-09T17:25:28.090Z","event":"ss-login-ok-sent","connectionId":3,"replyId":3,"account":"inei00","requestInnerBytes":25,"responseHex":"00000000020101","note":"world records deferred to 0x0205 SSGameLoginRequest"}
{"ts":"2026-07-09T17:25:29.629Z","event":"frame-received","connectionId":3,"codeHex":"0x0030","length":18,"bodyBytes":16}
{"ts":"2026-07-09T17:25:29.635Z","event":"0030-decoded","connectionId":3,"id":3,"innerCodeHex":"0x0205","innerLen":2}
{"ts":"2026-07-09T17:25:29.636Z","event":"0030-decode-error","connectionId":3,"message":"enterWorld: no session player for connection 3 — refuse synthetic character"}
{"ts":"2026-07-09T17:27:28.429Z","event":"socket-error","connectionId":3,"message":"read ECONNRESET"}
{"ts":"2026-07-09T17:27:28.429Z","event":"connection-closed","connectionId":3,"hadError":true}
