{"ts":"2026-07-10T00:31:16.468Z","event":"server-listening","address":{"address":"127.0.0.1","family":"IPv4","port":47900}}
{"event":"m2-server-ready","address":{"address":"127.0.0.1","family":"IPv4","port":47900},"store":"E:/logh7-revival/.omo/live-qa/m3-frida-wire-20260710-0929/store.json"}
{"ts":"2026-07-10T00:31:42.406Z","event":"connection-opened","connectionId":1,"remoteAddress":"127.0.0.1","remotePort":5697}
{"ts":"2026-07-10T00:31:42.408Z","event":"frame-received","connectionId":1,"codeHex":"0x0034","length":26,"bodyBytes":24}
{"ts":"2026-07-10T00:31:42.422Z","event":"phase3-sent","connectionId":1,"codeHex":"0x0035","phase1KeyBytes":16,"sequence":1}
{"ts":"2026-07-10T00:31:42.428Z","event":"frame-received","connectionId":1,"codeHex":"0x0036","length":10,"bodyBytes":8}
{"ts":"2026-07-10T00:31:42.438Z","event":"frame-received","connectionId":1,"codeHex":"0x0030","length":50,"bodyBytes":48}
{"ts":"2026-07-10T00:31:42.447Z","event":"0030-decoded","connectionId":1,"id":1,"innerCodeHex":"0x7000","innerLen":39}
{"ts":"2026-07-10T00:31:42.448Z","event":"login-credential","connectionId":1,"account":"inei00","authOk":true,"reason":null}
{"ts":"2026-07-10T00:31:42.462Z","event":"login-response-sent","connectionId":1,"keysetupCodeHex":"0x0031","redirectCodeHex":"0x7001","gin7KeyHex":"47494e370001000000070069006e006500690030003000000600640075006d006d00790000"}
{"ts":"2026-07-10T00:31:42.463Z","event":"peer-fin","connectionId":1}
{"ts":"2026-07-10T00:31:42.464Z","event":"connection-closed","connectionId":1,"hadError":false}
{"ts":"2026-07-10T00:31:42.464Z","event":"connection-opened","connectionId":2,"remoteAddress":"127.0.0.1","remotePort":5698}
{"ts":"2026-07-10T00:31:42.469Z","event":"frame-received","connectionId":2,"codeHex":"0x0034","length":26,"bodyBytes":24}
{"ts":"2026-07-10T00:31:42.476Z","event":"phase3-sent","connectionId":2,"codeHex":"0x0035","phase1KeyBytes":16,"sequence":1}
{"ts":"2026-07-10T00:31:42.483Z","event":"frame-received","connectionId":2,"codeHex":"0x0036","length":10,"bodyBytes":8}
{"ts":"2026-07-10T00:31:42.483Z","event":"frame-received","connectionId":2,"codeHex":"0x0030","length":18,"bodyBytes":16}
{"ts":"2026-07-10T00:31:42.489Z","event":"0030-decoded","connectionId":2,"id":1,"innerCodeHex":"0x0020","innerLen":6}
{"ts":"2026-07-10T00:31:42.489Z","event":"lobby-session-init","connectionId":2,"id":1}
{"ts":"2026-07-10T00:31:42.490Z","event":"frame-received","connectionId":2,"codeHex":"0x0030","length":42,"bodyBytes":40}
{"ts":"2026-07-10T00:31:42.496Z","event":"0030-decoded","connectionId":2,"id":2,"innerCodeHex":"0x2000","innerLen":25}
{"ts":"2026-07-10T00:31:42.503Z","event":"lobby-login-ok-sent","connectionId":2,"account":"inei00","replyId":3,"okCodeHex":"0x2001","okFormat":"message32","subheaderLen":4,"characterCount":1}
{"ts":"2026-07-10T00:31:53.184Z","event":"frame-received","connectionId":2,"codeHex":"0x0030","length":18,"bodyBytes":16}
{"ts":"2026-07-10T00:31:53.190Z","event":"0030-decoded","connectionId":2,"id":3,"innerCodeHex":"0x2003","innerLen":2}
{"ts":"2026-07-10T00:31:53.201Z","event":"lobby-response-sent","connectionId":2,"replyId":4,"requestInnerCodeHex":"0x2003","responseInnerBytes":1762}
{"ts":"2026-07-10T00:31:53.212Z","event":"frame-received","connectionId":2,"codeHex":"0x0030","length":18,"bodyBytes":16}
{"ts":"2026-07-10T00:31:53.218Z","event":"0030-decoded","connectionId":2,"id":4,"innerCodeHex":"0x2005","innerLen":3}
{"ts":"2026-07-10T00:31:53.254Z","event":"lobby-response-sent","connectionId":2,"replyId":5,"requestInnerCodeHex":"0x2005","responseInnerBytes":21258}
{"ts":"2026-07-10T00:31:53.263Z","event":"frame-received","connectionId":2,"codeHex":"0x0030","length":18,"bodyBytes":16}
{"ts":"2026-07-10T00:31:53.269Z","event":"0030-decoded","connectionId":2,"id":5,"innerCodeHex":"0x2005","innerLen":3}
{"ts":"2026-07-10T00:31:53.301Z","event":"lobby-response-sent","connectionId":2,"replyId":6,"requestInnerCodeHex":"0x2005","responseInnerBytes":21258}
{"ts":"2026-07-10T00:31:59.430Z","event":"frame-received","connectionId":2,"codeHex":"0x0030","length":18,"bodyBytes":16}
{"ts":"2026-07-10T00:31:59.436Z","event":"0030-decoded","connectionId":2,"id":6,"innerCodeHex":"0x2009","innerLen":4}
{"ts":"2026-07-10T00:31:59.437Z","event":"session-login","connectionId":2,"createPending":false,"characterId":1,"sessionId":1,"responseIsMsg32":true,"responseHex":"00000000200a0100007fbb1c000000000001","innerHex":"20090100"}
{"ts":"2026-07-10T00:31:59.444Z","event":"world-response-sent","connectionId":2,"kind":"session-login-redirect","codes":[8202],"responseCount":1,"cell":null,"text":null}
{"ts":"2026-07-10T00:31:59.457Z","event":"peer-fin","connectionId":2}
{"ts":"2026-07-10T00:31:59.457Z","event":"connection-closed","connectionId":2,"hadError":false}
{"ts":"2026-07-10T00:31:59.457Z","event":"connection-opened","connectionId":3,"remoteAddress":"127.0.0.1","remotePort":5701}
{"ts":"2026-07-10T00:31:59.464Z","event":"frame-received","connectionId":3,"codeHex":"0x0034","length":26,"bodyBytes":24}
{"ts":"2026-07-10T00:31:59.470Z","event":"phase3-sent","connectionId":3,"codeHex":"0x0035","phase1KeyBytes":16,"sequence":1}
{"ts":"2026-07-10T00:31:59.477Z","event":"frame-received","connectionId":3,"codeHex":"0x0036","length":10,"bodyBytes":8}
{"ts":"2026-07-10T00:31:59.477Z","event":"frame-received","connectionId":3,"codeHex":"0x0030","length":18,"bodyBytes":16}
{"ts":"2026-07-10T00:31:59.484Z","event":"0030-decoded","connectionId":3,"id":1,"innerCodeHex":"0x0020","innerLen":6}
{"ts":"2026-07-10T00:31:59.484Z","event":"lobby-session-init","connectionId":3,"id":1}
{"ts":"2026-07-10T00:31:59.484Z","event":"frame-received","connectionId":3,"codeHex":"0x0030","length":42,"bodyBytes":40}
{"ts":"2026-07-10T00:31:59.490Z","event":"0030-decoded","connectionId":3,"id":2,"innerCodeHex":"0x0200","innerLen":25}
{"ts":"2026-07-10T00:31:59.496Z","event":"ss-login-ok-sent","connectionId":3,"replyId":3,"account":"inei00","requestInnerBytes":25,"responseHex":"00000000020101","note":"world records deferred to 0x0205 SSGameLoginRequest"}
{"ts":"2026-07-10T00:32:01.009Z","event":"frame-received","connectionId":3,"codeHex":"0x0030","length":18,"bodyBytes":16}
{"ts":"2026-07-10T00:32:01.017Z","event":"0030-decoded","connectionId":3,"id":3,"innerCodeHex":"0x0205","innerLen":2}
{"ts":"2026-07-10T00:32:01.103Z","event":"world-response-sent","connectionId":3,"kind":"world-enter","codes":[518,516,803,805],"responseCount":4,"cell":null,"text":null}
{"ts":"2026-07-10T00:32:01.103Z","event":"frame-received","connectionId":3,"codeHex":"0x0030","length":18,"bodyBytes":16}
{"ts":"2026-07-10T00:32:01.109Z","event":"0030-decoded","connectionId":3,"id":4,"innerCodeHex":"0x0304","innerLen":2}
{"ts":"2026-07-10T00:32:01.140Z","event":"world-response-sent","connectionId":3,"kind":"admission","codes":null,"responseCount":1,"cell":null,"text":null}
{"ts":"2026-07-10T00:32:01.141Z","event":"frame-received","connectionId":3,"codeHex":"0x0030","length":18,"bodyBytes":16}
{"ts":"2026-07-10T00:32:01.148Z","event":"0030-decoded","connectionId":3,"id":5,"innerCodeHex":"0x0306","innerLen":2}
{"ts":"2026-07-10T00:32:01.216Z","event":"world-response-sent","connectionId":3,"kind":"admission","codes":null,"responseCount":1,"cell":null,"text":null}
{"ts":"2026-07-10T00:32:01.222Z","event":"frame-received","connectionId":3,"codeHex":"0x0030","length":18,"bodyBytes":16}
{"ts":"2026-07-10T00:32:01.228Z","event":"0030-decoded","connectionId":3,"id":6,"innerCodeHex":"0x0314","innerLen":2}
{"ts":"2026-07-10T00:32:01.323Z","event":"world-response-sent","connectionId":3,"kind":"admission-world-ready","codes":null,"responseCount":6,"cell":null,"text":null}
{"ts":"2026-07-10T00:32:49.604Z","event":"socket-error","connectionId":3,"message":"read ECONNRESET"}
{"ts":"2026-07-10T00:32:49.604Z","event":"connection-closed","connectionId":3,"hadError":true}
