{"ts":"2026-07-09T15:48:29.028Z","event":"server-listening","address":{"address":"127.0.0.1","family":"IPv4","port":47900}}
{"event":"m2-server-ready","address":{"address":"127.0.0.1","family":"IPv4","port":47900},"store":".omo/live-qa/m3-world-entry-20260710-0048/store.json"}
{"ts":"2026-07-09T15:49:23.738Z","event":"connection-opened","connectionId":1,"remoteAddress":"127.0.0.1","remotePort":12325}
{"ts":"2026-07-09T15:49:23.740Z","event":"frame-received","connectionId":1,"codeHex":"0x0034","length":26,"bodyBytes":24}
{"ts":"2026-07-09T15:49:23.753Z","event":"phase3-sent","connectionId":1,"codeHex":"0x0035","phase1KeyBytes":16,"sequence":1}
{"ts":"2026-07-09T15:49:23.760Z","event":"frame-received","connectionId":1,"codeHex":"0x0036","length":10,"bodyBytes":8}
{"ts":"2026-07-09T15:49:23.769Z","event":"frame-received","connectionId":1,"codeHex":"0x0030","length":50,"bodyBytes":48}
{"ts":"2026-07-09T15:49:23.776Z","event":"0030-decoded","connectionId":1,"id":1,"innerCodeHex":"0x7000","innerLen":39}
{"ts":"2026-07-09T15:49:23.777Z","event":"login-credential","connectionId":1,"account":"inei00","authOk":true,"reason":null}
{"ts":"2026-07-09T15:49:23.791Z","event":"login-response-sent","connectionId":1,"keysetupCodeHex":"0x0031","redirectCodeHex":"0x7001","gin7KeyHex":"47494e370001000000070069006e006500690030003000000600640075006d006d00790000"}
{"ts":"2026-07-09T15:49:23.796Z","event":"peer-fin","connectionId":1}
{"ts":"2026-07-09T15:49:23.797Z","event":"connection-closed","connectionId":1,"hadError":false}
{"ts":"2026-07-09T15:49:23.797Z","event":"connection-opened","connectionId":2,"remoteAddress":"127.0.0.1","remotePort":12326}
{"ts":"2026-07-09T15:49:23.803Z","event":"frame-received","connectionId":2,"codeHex":"0x0034","length":26,"bodyBytes":24}
{"ts":"2026-07-09T15:49:23.810Z","event":"phase3-sent","connectionId":2,"codeHex":"0x0035","phase1KeyBytes":16,"sequence":1}
{"ts":"2026-07-09T15:49:23.816Z","event":"frame-received","connectionId":2,"codeHex":"0x0036","length":10,"bodyBytes":8}
{"ts":"2026-07-09T15:49:23.817Z","event":"frame-received","connectionId":2,"codeHex":"0x0030","length":18,"bodyBytes":16}
{"ts":"2026-07-09T15:49:23.823Z","event":"0030-decoded","connectionId":2,"id":1,"innerCodeHex":"0x0020","innerLen":6}
{"ts":"2026-07-09T15:49:23.823Z","event":"lobby-session-init","connectionId":2,"id":1}
{"ts":"2026-07-09T15:49:23.824Z","event":"frame-received","connectionId":2,"codeHex":"0x0030","length":42,"bodyBytes":40}
{"ts":"2026-07-09T15:49:23.830Z","event":"0030-decoded","connectionId":2,"id":2,"innerCodeHex":"0x2000","innerLen":25}
{"ts":"2026-07-09T15:49:23.837Z","event":"lobby-login-ok-sent","connectionId":2,"account":"inei00","replyId":3,"okCodeHex":"0x2001","okFormat":"message32","subheaderLen":4,"characterCount":1}
{"ts":"2026-07-09T15:49:34.602Z","event":"frame-received","connectionId":2,"codeHex":"0x0030","length":18,"bodyBytes":16}
{"ts":"2026-07-09T15:49:34.610Z","event":"0030-decoded","connectionId":2,"id":3,"innerCodeHex":"0x2003","innerLen":2}
{"ts":"2026-07-09T15:49:34.620Z","event":"lobby-response-sent","connectionId":2,"replyId":4,"requestInnerCodeHex":"0x2003","responseInnerBytes":1762}
{"ts":"2026-07-09T15:49:34.629Z","event":"frame-received","connectionId":2,"codeHex":"0x0030","length":18,"bodyBytes":16}
{"ts":"2026-07-09T15:49:34.636Z","event":"0030-decoded","connectionId":2,"id":4,"innerCodeHex":"0x2005","innerLen":3}
{"ts":"2026-07-09T15:49:34.676Z","event":"lobby-response-sent","connectionId":2,"replyId":5,"requestInnerCodeHex":"0x2005","responseInnerBytes":21258}
{"ts":"2026-07-09T15:49:34.683Z","event":"frame-received","connectionId":2,"codeHex":"0x0030","length":18,"bodyBytes":16}
{"ts":"2026-07-09T15:49:34.690Z","event":"0030-decoded","connectionId":2,"id":5,"innerCodeHex":"0x2005","innerLen":3}
{"ts":"2026-07-09T15:49:34.728Z","event":"lobby-response-sent","connectionId":2,"replyId":6,"requestInnerCodeHex":"0x2005","responseInnerBytes":21258}
{"ts":"2026-07-09T15:50:47.219Z","event":"frame-received","connectionId":2,"codeHex":"0x0030","length":18,"bodyBytes":16}
{"ts":"2026-07-09T15:50:47.225Z","event":"0030-decoded","connectionId":2,"id":6,"innerCodeHex":"0x2009","innerLen":4}
{"ts":"2026-07-09T15:50:47.225Z","event":"session-login","connectionId":2,"createPending":false,"characterId":1,"sessionId":1,"responseIsMsg32":false,"responseHex":"200a0100007fbb1c000000000001","innerHex":"20090100"}
{"ts":"2026-07-09T15:50:47.341Z","event":"world-response-sent","connectionId":2,"kind":"session-login+world-enter","codes":[516,803,805,769,3841,3843,789,518],"responseCount":9,"cell":null,"text":null}
{"ts":"2026-07-09T15:50:47.341Z","event":"frame-received","connectionId":2,"codeHex":"0x0030","length":18,"bodyBytes":16}
{"ts":"2026-07-09T15:50:47.347Z","event":"0030-decoded","connectionId":2,"id":7,"innerCodeHex":"0x0205","innerLen":2}
{"ts":"2026-07-09T15:50:47.488Z","event":"world-response-sent","connectionId":2,"kind":"world-enter","codes":[516,803,805,769,3841,3843,789,518],"responseCount":8,"cell":null,"text":null}
{"ts":"2026-07-09T15:55:27.338Z","event":"socket-error","connectionId":2,"message":"read ECONNRESET"}
{"ts":"2026-07-09T15:55:27.338Z","event":"connection-closed","connectionId":2,"hadError":true}
