{
  event: 'server-listening',
  address: { address: '0.0.0.0', family: 'IPv4', port: 47900 }
}
{"event":"playable-server-ready","address":{"address":"0.0.0.0","family":"IPv4","port":47900}}
{
  event: 'connection-opened',
  connectionId: 1,
  remoteAddress: '127.0.0.1',
  remotePort: 10185
}
{
  event: 'frame-received',
  connectionId: 1,
  codeHex: '0x0034',
  length: 26,
  bodyBytes: 24
}
{
  event: 'phase3-sent',
  connectionId: 1,
  codeHex: '0x0035',
  phase1KeyBytes: 16,
  sequence: 1
}
{
  event: 'frame-received',
  connectionId: 1,
  codeHex: '0x0036',
  length: 10,
  bodyBytes: 8
}
{
  event: 'frame-received',
  connectionId: 1,
  codeHex: '0x0030',
  length: 50,
  bodyBytes: 48
}
{
  event: '0030-decoded',
  connectionId: 1,
  id: 1,
  innerCodeHex: '0x7000',
  innerLen: 39
}
{
  event: 'login-credential',
  connectionId: 1,
  account: 'inei00',
  authOk: true,
  reason: null
}
{
  event: 'login-response-sent',
  connectionId: 1,
  keysetupCodeHex: '0x0031',
  redirectCodeHex: '0x7001',
  gin7KeyHex: '47494e370001000000070069006e006500690030003000000600640075006d006d00790000'
}
{ event: 'peer-fin', connectionId: 1 }
{ event: 'connection-closed', connectionId: 1, hadError: false }
{
  event: 'connection-opened',
  connectionId: 2,
  remoteAddress: '127.0.0.1',
  remotePort: 10189
}
{
  event: 'frame-received',
  connectionId: 2,
  codeHex: '0x0034',
  length: 26,
  bodyBytes: 24
}
{
  event: 'phase3-sent',
  connectionId: 2,
  codeHex: '0x0035',
  phase1KeyBytes: 16,
  sequence: 1
}
{
  event: 'frame-received',
  connectionId: 2,
  codeHex: '0x0036',
  length: 10,
  bodyBytes: 8
}
{
  event: 'frame-received',
  connectionId: 2,
  codeHex: '0x0030',
  length: 18,
  bodyBytes: 16
}
{
  event: '0030-decoded',
  connectionId: 2,
  id: 1,
  innerCodeHex: '0x0020',
  innerLen: 6
}
{ event: 'lobby-session-init', connectionId: 2, id: 1 }
{
  event: 'frame-received',
  connectionId: 2,
  codeHex: '0x0030',
  length: 42,
  bodyBytes: 40
}
{
  event: '0030-decoded',
  connectionId: 2,
  id: 2,
  innerCodeHex: '0x2000',
  innerLen: 25
}
{
  event: 'lobby-login-ok-sent',
  connectionId: 2,
  account: 'inei00',
  replyId: 3,
  okCodeHex: '0x2001',
  okFormat: 'message32',
  subheaderLen: 4,
  characterCount: 0
}
{
  event: 'frame-received',
  connectionId: 2,
  codeHex: '0x0030',
  length: 18,
  bodyBytes: 16
}
{
  event: '0030-decoded',
  connectionId: 2,
  id: 3,
  innerCodeHex: '0x2003',
  innerLen: 2
}
{
  event: 'lobby-response-sent',
  connectionId: 2,
  replyId: 4,
  requestInnerCodeHex: '0x2003',
  responseInnerBytes: 1762
}
{
  event: 'frame-received',
  connectionId: 2,
  codeHex: '0x0030',
  length: 18,
  bodyBytes: 16
}
{
  event: '0030-decoded',
  connectionId: 2,
  id: 4,
  innerCodeHex: '0x2005',
  innerLen: 3
}
{
  event: 'lobby-response-sent',
  connectionId: 2,
  replyId: 5,
  requestInnerCodeHex: '0x2005',
  responseInnerBytes: 21258
}
{
  event: 'frame-received',
  connectionId: 2,
  codeHex: '0x0030',
  length: 18,
  bodyBytes: 16
}
{
  event: '0030-decoded',
  connectionId: 2,
  id: 5,
  innerCodeHex: '0x2005',
  innerLen: 3
}
{
  event: 'lobby-response-sent',
  connectionId: 2,
  replyId: 6,
  requestInnerCodeHex: '0x2005',
  responseInnerBytes: 21258
}
