{"ts":"2026-07-09T19:41:17.749Z","event":"server-listening","address":{"address":"127.0.0.1","family":"IPv4","port":47900}}
{"event":"m2-server-ready","address":{"address":"127.0.0.1","family":"IPv4","port":47900},"store":".omo/live-qa/m3-stratmap-render-20260710-0441/store.json"}
{"ts":"2026-07-09T19:42:19.115Z","event":"connection-opened","connectionId":1,"remoteAddress":"127.0.0.1","remotePort":1642}
{"ts":"2026-07-09T19:42:19.117Z","event":"frame-received","connectionId":1,"codeHex":"0x0034","length":26,"bodyBytes":24}
{"ts":"2026-07-09T19:42:19.131Z","event":"phase3-sent","connectionId":1,"codeHex":"0x0035","phase1KeyBytes":16,"sequence":1}
{"ts":"2026-07-09T19:42:19.137Z","event":"frame-received","connectionId":1,"codeHex":"0x0036","length":10,"bodyBytes":8}
{"ts":"2026-07-09T19:42:19.147Z","event":"frame-received","connectionId":1,"codeHex":"0x0030","length":50,"bodyBytes":48}
{"ts":"2026-07-09T19:42:19.155Z","event":"0030-decoded","connectionId":1,"id":1,"innerCodeHex":"0x7000","innerLen":39}
{"ts":"2026-07-09T19:42:19.155Z","event":"login-credential","connectionId":1,"account":"inei00","authOk":true,"reason":null}
{"ts":"2026-07-09T19:42:19.171Z","event":"login-response-sent","connectionId":1,"keysetupCodeHex":"0x0031","redirectCodeHex":"0x7001","gin7KeyHex":"47494e370001000000070069006e006500690030003000000600640075006d006d00790000"}
{"ts":"2026-07-09T19:42:19.172Z","event":"peer-fin","connectionId":1}
{"ts":"2026-07-09T19:42:19.173Z","event":"connection-closed","connectionId":1,"hadError":false}
{"ts":"2026-07-09T19:42:19.174Z","event":"connection-opened","connectionId":2,"remoteAddress":"127.0.0.1","remotePort":1643}
{"ts":"2026-07-09T19:42:19.179Z","event":"frame-received","connectionId":2,"codeHex":"0x0034","length":26,"bodyBytes":24}
{"ts":"2026-07-09T19:42:19.186Z","event":"phase3-sent","connectionId":2,"codeHex":"0x0035","phase1KeyBytes":16,"sequence":1}
{"ts":"2026-07-09T19:42:19.186Z","event":"frame-received","connectionId":2,"codeHex":"0x0036","length":10,"bodyBytes":8}
{"ts":"2026-07-09T19:42:19.186Z","event":"frame-received","connectionId":2,"codeHex":"0x0030","length":18,"bodyBytes":16}
{"ts":"2026-07-09T19:42:19.192Z","event":"0030-decoded","connectionId":2,"id":1,"innerCodeHex":"0x0020","innerLen":6}
{"ts":"2026-07-09T19:42:19.192Z","event":"lobby-session-init","connectionId":2,"id":1}
{"ts":"2026-07-09T19:42:19.193Z","event":"frame-received","connectionId":2,"codeHex":"0x0030","length":42,"bodyBytes":40}
{"ts":"2026-07-09T19:42:19.199Z","event":"0030-decoded","connectionId":2,"id":2,"innerCodeHex":"0x2000","innerLen":25}
{"ts":"2026-07-09T19:42:19.207Z","event":"lobby-login-ok-sent","connectionId":2,"account":"inei00","replyId":3,"okCodeHex":"0x2001","okFormat":"message32","subheaderLen":4,"characterCount":1}
{"ts":"2026-07-09T19:42:30.056Z","event":"frame-received","connectionId":2,"codeHex":"0x0030","length":18,"bodyBytes":16}
{"ts":"2026-07-09T19:42:30.062Z","event":"0030-decoded","connectionId":2,"id":3,"innerCodeHex":"0x2003","innerLen":2}
{"ts":"2026-07-09T19:42:30.072Z","event":"lobby-response-sent","connectionId":2,"replyId":4,"requestInnerCodeHex":"0x2003","responseInnerBytes":1762}
{"ts":"2026-07-09T19:42:30.080Z","event":"frame-received","connectionId":2,"codeHex":"0x0030","length":18,"bodyBytes":16}
{"ts":"2026-07-09T19:42:30.086Z","event":"0030-decoded","connectionId":2,"id":4,"innerCodeHex":"0x2005","innerLen":3}
{"ts":"2026-07-09T19:42:30.121Z","event":"lobby-response-sent","connectionId":2,"replyId":5,"requestInnerCodeHex":"0x2005","responseInnerBytes":21258}
{"ts":"2026-07-09T19:42:30.130Z","event":"frame-received","connectionId":2,"codeHex":"0x0030","length":18,"bodyBytes":16}
{"ts":"2026-07-09T19:42:30.136Z","event":"0030-decoded","connectionId":2,"id":5,"innerCodeHex":"0x2005","innerLen":3}
{"ts":"2026-07-09T19:42:30.168Z","event":"lobby-response-sent","connectionId":2,"replyId":6,"requestInnerCodeHex":"0x2005","responseInnerBytes":21258}
{"ts":"2026-07-09T19:43:15.851Z","event":"frame-received","connectionId":2,"codeHex":"0x0030","length":18,"bodyBytes":16}
{"ts":"2026-07-09T19:43:15.857Z","event":"0030-decoded","connectionId":2,"id":6,"innerCodeHex":"0x2009","innerLen":4}
{"ts":"2026-07-09T19:43:15.858Z","event":"session-login","connectionId":2,"createPending":false,"characterId":1,"sessionId":1,"responseIsMsg32":true,"responseHex":"00000000200a0100007fbb1c000000000001","innerHex":"20090100"}
{"ts":"2026-07-09T19:43:15.865Z","event":"world-response-sent","connectionId":2,"kind":"session-login-redirect","codes":[8202],"responseCount":1,"cell":null,"text":null}
{"ts":"2026-07-09T19:43:15.878Z","event":"peer-fin","connectionId":2}
{"ts":"2026-07-09T19:43:15.879Z","event":"connection-closed","connectionId":2,"hadError":false}
{"ts":"2026-07-09T19:43:15.879Z","event":"connection-opened","connectionId":3,"remoteAddress":"127.0.0.1","remotePort":1649}
{"ts":"2026-07-09T19:43:15.885Z","event":"frame-received","connectionId":3,"codeHex":"0x0034","length":26,"bodyBytes":24}
{"ts":"2026-07-09T19:43:15.892Z","event":"phase3-sent","connectionId":3,"codeHex":"0x0035","phase1KeyBytes":16,"sequence":1}
{"ts":"2026-07-09T19:43:15.897Z","event":"frame-received","connectionId":3,"codeHex":"0x0036","length":10,"bodyBytes":8}
{"ts":"2026-07-09T19:43:15.898Z","event":"frame-received","connectionId":3,"codeHex":"0x0030","length":18,"bodyBytes":16}
{"ts":"2026-07-09T19:43:15.910Z","event":"0030-decoded","connectionId":3,"id":1,"innerCodeHex":"0x0020","innerLen":6}
{"ts":"2026-07-09T19:43:15.910Z","event":"lobby-session-init","connectionId":3,"id":1}
{"ts":"2026-07-09T19:43:15.910Z","event":"frame-received","connectionId":3,"codeHex":"0x0030","length":42,"bodyBytes":40}
{"ts":"2026-07-09T19:43:15.916Z","event":"0030-decoded","connectionId":3,"id":2,"innerCodeHex":"0x0200","innerLen":25}
{"ts":"2026-07-09T19:43:15.923Z","event":"ss-login-ok-sent","connectionId":3,"replyId":3,"account":"inei00","requestInnerBytes":25,"responseHex":"00000000020101","note":"world records deferred to 0x0205 SSGameLoginRequest"}
{"ts":"2026-07-09T19:43:17.459Z","event":"frame-received","connectionId":3,"codeHex":"0x0030","length":18,"bodyBytes":16}
{"ts":"2026-07-09T19:43:17.467Z","event":"0030-decoded","connectionId":3,"id":3,"innerCodeHex":"0x0205","innerLen":2}
{"ts":"2026-07-09T19:43:17.588Z","event":"world-response-sent","connectionId":3,"kind":"world-enter","codes":[518,516,803,805,769,3841,3843,789],"responseCount":8,"cell":null,"text":null}
{"ts":"2026-07-09T19:43:17.588Z","event":"frame-received","connectionId":3,"codeHex":"0x0030","length":18,"bodyBytes":16}
{"ts":"2026-07-09T19:43:17.595Z","event":"0030-decoded","connectionId":3,"id":4,"innerCodeHex":"0x0304","innerLen":2}
{"ts":"2026-07-09T19:43:17.626Z","event":"world-response-sent","connectionId":3,"kind":"admission","codes":null,"responseCount":1,"cell":null,"text":null}
{"ts":"2026-07-09T19:43:17.627Z","event":"frame-received","connectionId":3,"codeHex":"0x0030","length":18,"bodyBytes":16}
{"ts":"2026-07-09T19:43:17.634Z","event":"0030-decoded","connectionId":3,"id":5,"innerCodeHex":"0x0306","innerLen":2}
{"ts":"2026-07-09T19:43:17.709Z","event":"world-response-sent","connectionId":3,"kind":"admission","codes":null,"responseCount":1,"cell":null,"text":null}
{"ts":"2026-07-09T19:43:17.715Z","event":"frame-received","connectionId":3,"codeHex":"0x0030","length":18,"bodyBytes":16}
{"ts":"2026-07-09T19:43:17.721Z","event":"0030-decoded","connectionId":3,"id":6,"innerCodeHex":"0x0314","innerLen":2}
{"ts":"2026-07-09T19:43:17.733Z","event":"world-response-sent","connectionId":3,"kind":"admission","codes":null,"responseCount":1,"cell":null,"text":null}
{"ts":"2026-07-09T19:48:54.003Z","event":"socket-error","connectionId":3,"message":"read ECONNRESET"}
{"ts":"2026-07-09T19:48:54.003Z","event":"connection-closed","connectionId":3,"hadError":true}
