{"ts":"2026-07-09T17:36:58.430Z","event":"server-listening","address":{"address":"127.0.0.1","family":"IPv4","port":47900}}
{"event":"m2-server-ready","address":{"address":"127.0.0.1","family":"IPv4","port":47900},"store":".omo/live-qa/m3-strategic-map-20260710-0234/store.json"}
{"ts":"2026-07-09T17:38:13.223Z","event":"connection-opened","connectionId":1,"remoteAddress":"127.0.0.1","remotePort":13793}
{"ts":"2026-07-09T17:38:13.226Z","event":"frame-received","connectionId":1,"codeHex":"0x0034","length":26,"bodyBytes":24}
{"ts":"2026-07-09T17:38:13.239Z","event":"phase3-sent","connectionId":1,"codeHex":"0x0035","phase1KeyBytes":16,"sequence":1}
{"ts":"2026-07-09T17:38:13.246Z","event":"frame-received","connectionId":1,"codeHex":"0x0036","length":10,"bodyBytes":8}
{"ts":"2026-07-09T17:38:13.255Z","event":"frame-received","connectionId":1,"codeHex":"0x0030","length":50,"bodyBytes":48}
{"ts":"2026-07-09T17:38:13.262Z","event":"0030-decoded","connectionId":1,"id":1,"innerCodeHex":"0x7000","innerLen":39}
{"ts":"2026-07-09T17:38:13.263Z","event":"login-credential","connectionId":1,"account":"inei00","authOk":true,"reason":null}
{"ts":"2026-07-09T17:38:13.277Z","event":"login-response-sent","connectionId":1,"keysetupCodeHex":"0x0031","redirectCodeHex":"0x7001","gin7KeyHex":"47494e370001000000070069006e006500690030003000000600640075006d006d00790000"}
{"ts":"2026-07-09T17:38:13.278Z","event":"peer-fin","connectionId":1}
{"ts":"2026-07-09T17:38:13.280Z","event":"connection-closed","connectionId":1,"hadError":false}
{"ts":"2026-07-09T17:38:13.280Z","event":"connection-opened","connectionId":2,"remoteAddress":"127.0.0.1","remotePort":13794}
{"ts":"2026-07-09T17:38:13.285Z","event":"frame-received","connectionId":2,"codeHex":"0x0034","length":26,"bodyBytes":24}
{"ts":"2026-07-09T17:38:13.292Z","event":"phase3-sent","connectionId":2,"codeHex":"0x0035","phase1KeyBytes":16,"sequence":1}
{"ts":"2026-07-09T17:38:13.298Z","event":"frame-received","connectionId":2,"codeHex":"0x0036","length":10,"bodyBytes":8}
{"ts":"2026-07-09T17:38:13.298Z","event":"frame-received","connectionId":2,"codeHex":"0x0030","length":18,"bodyBytes":16}
{"ts":"2026-07-09T17:38:13.304Z","event":"0030-decoded","connectionId":2,"id":1,"innerCodeHex":"0x0020","innerLen":6}
{"ts":"2026-07-09T17:38:13.305Z","event":"lobby-session-init","connectionId":2,"id":1}
{"ts":"2026-07-09T17:38:13.305Z","event":"frame-received","connectionId":2,"codeHex":"0x0030","length":42,"bodyBytes":40}
{"ts":"2026-07-09T17:38:13.313Z","event":"0030-decoded","connectionId":2,"id":2,"innerCodeHex":"0x2000","innerLen":25}
{"ts":"2026-07-09T17:38:13.319Z","event":"lobby-login-ok-sent","connectionId":2,"account":"inei00","replyId":3,"okCodeHex":"0x2001","okFormat":"message32","subheaderLen":4,"characterCount":1}
{"ts":"2026-07-09T17:38:24.098Z","event":"frame-received","connectionId":2,"codeHex":"0x0030","length":18,"bodyBytes":16}
{"ts":"2026-07-09T17:38:24.104Z","event":"0030-decoded","connectionId":2,"id":3,"innerCodeHex":"0x2003","innerLen":2}
{"ts":"2026-07-09T17:38:24.114Z","event":"lobby-response-sent","connectionId":2,"replyId":4,"requestInnerCodeHex":"0x2003","responseInnerBytes":1762}
{"ts":"2026-07-09T17:38:24.126Z","event":"frame-received","connectionId":2,"codeHex":"0x0030","length":18,"bodyBytes":16}
{"ts":"2026-07-09T17:38:24.132Z","event":"0030-decoded","connectionId":2,"id":4,"innerCodeHex":"0x2005","innerLen":3}
{"ts":"2026-07-09T17:38:24.170Z","event":"lobby-response-sent","connectionId":2,"replyId":5,"requestInnerCodeHex":"0x2005","responseInnerBytes":21258}
{"ts":"2026-07-09T17:38:24.180Z","event":"frame-received","connectionId":2,"codeHex":"0x0030","length":18,"bodyBytes":16}
{"ts":"2026-07-09T17:38:24.187Z","event":"0030-decoded","connectionId":2,"id":5,"innerCodeHex":"0x2005","innerLen":3}
{"ts":"2026-07-09T17:38:24.220Z","event":"lobby-response-sent","connectionId":2,"replyId":6,"requestInnerCodeHex":"0x2005","responseInnerBytes":21258}
{"ts":"2026-07-09T17:39:09.491Z","event":"frame-received","connectionId":2,"codeHex":"0x0030","length":18,"bodyBytes":16}
{"ts":"2026-07-09T17:39:09.498Z","event":"0030-decoded","connectionId":2,"id":6,"innerCodeHex":"0x2009","innerLen":4}
{"ts":"2026-07-09T17:39:09.499Z","event":"session-login","connectionId":2,"createPending":false,"characterId":1,"sessionId":1,"responseIsMsg32":true,"responseHex":"00000000200a0100007fbb1c000000000001","innerHex":"20090100"}
{"ts":"2026-07-09T17:39:09.505Z","event":"world-response-sent","connectionId":2,"kind":"session-login-redirect","codes":[8202],"responseCount":1,"cell":null,"text":null}
{"ts":"2026-07-09T17:39:09.518Z","event":"peer-fin","connectionId":2}
{"ts":"2026-07-09T17:39:09.518Z","event":"connection-closed","connectionId":2,"hadError":false}
{"ts":"2026-07-09T17:39:09.518Z","event":"connection-opened","connectionId":3,"remoteAddress":"127.0.0.1","remotePort":13807}
{"ts":"2026-07-09T17:39:09.524Z","event":"frame-received","connectionId":3,"codeHex":"0x0034","length":26,"bodyBytes":24}
{"ts":"2026-07-09T17:39:09.532Z","event":"phase3-sent","connectionId":3,"codeHex":"0x0035","phase1KeyBytes":16,"sequence":1}
{"ts":"2026-07-09T17:39:09.537Z","event":"frame-received","connectionId":3,"codeHex":"0x0036","length":10,"bodyBytes":8}
{"ts":"2026-07-09T17:39:09.538Z","event":"frame-received","connectionId":3,"codeHex":"0x0030","length":18,"bodyBytes":16}
{"ts":"2026-07-09T17:39:09.544Z","event":"0030-decoded","connectionId":3,"id":1,"innerCodeHex":"0x0020","innerLen":6}
{"ts":"2026-07-09T17:39:09.544Z","event":"lobby-session-init","connectionId":3,"id":1}
{"ts":"2026-07-09T17:39:09.544Z","event":"frame-received","connectionId":3,"codeHex":"0x0030","length":42,"bodyBytes":40}
{"ts":"2026-07-09T17:39:09.551Z","event":"0030-decoded","connectionId":3,"id":2,"innerCodeHex":"0x0200","innerLen":25}
{"ts":"2026-07-09T17:39:09.558Z","event":"ss-login-ok-sent","connectionId":3,"replyId":3,"account":"inei00","requestInnerBytes":25,"responseHex":"00000000020101","note":"world records deferred to 0x0205 SSGameLoginRequest"}
{"ts":"2026-07-09T17:39:11.085Z","event":"frame-received","connectionId":3,"codeHex":"0x0030","length":18,"bodyBytes":16}
{"ts":"2026-07-09T17:39:11.091Z","event":"0030-decoded","connectionId":3,"id":3,"innerCodeHex":"0x0205","innerLen":2}
{"ts":"2026-07-09T17:39:11.203Z","event":"world-response-sent","connectionId":3,"kind":"world-enter","codes":[518,516,803,805,769,3841,3843,789],"responseCount":8,"cell":null,"text":null}
{"ts":"2026-07-09T17:39:11.204Z","event":"frame-received","connectionId":3,"codeHex":"0x0030","length":18,"bodyBytes":16}
{"ts":"2026-07-09T17:39:11.210Z","event":"0030-decoded","connectionId":3,"id":4,"innerCodeHex":"0x0205","innerLen":2}
{"ts":"2026-07-09T17:39:11.325Z","event":"world-response-sent","connectionId":3,"kind":"world-enter","codes":[518,516,803,805,769,3841,3843,789],"responseCount":8,"cell":null,"text":null}
{"ts":"2026-07-09T17:39:11.325Z","event":"frame-received","connectionId":3,"codeHex":"0x0030","length":18,"bodyBytes":16}
{"ts":"2026-07-09T17:39:11.332Z","event":"0030-decoded","connectionId":3,"id":5,"innerCodeHex":"0x0304","innerLen":2}
{"ts":"2026-07-09T17:39:11.332Z","event":"lobby-inner-error","connectionId":3,"innerCodeHex":"0x0304","message":"handleLobbyInner: 알 수 없는 코드 0x0304","innerHex":"0304"}
{"ts":"2026-07-09T17:39:11.333Z","event":"inner-unhandled","connectionId":3,"innerCodeHex":"0x0304","message":"handleLobbyInner: 알 수 없는 코드 0x0304","innerHex":"0304"}
{"ts":"2026-07-09T17:41:50.441Z","event":"socket-error","connectionId":3,"message":"read ECONNRESET"}
{"ts":"2026-07-09T17:41:50.441Z","event":"connection-closed","connectionId":3,"hadError":true}
