{"ts":"2026-07-09T18:19:56.427Z","event":"server-listening","address":{"address":"127.0.0.1","family":"IPv4","port":47900}}
{"event":"m2-server-ready","address":{"address":"127.0.0.1","family":"IPv4","port":47900},"store":".omo/live-qa/m3-crashfix-20260710-0319/store.json"}
{"ts":"2026-07-09T18:20:43.443Z","event":"connection-opened","connectionId":1,"remoteAddress":"127.0.0.1","remotePort":14378}
{"ts":"2026-07-09T18:20:43.445Z","event":"frame-received","connectionId":1,"codeHex":"0x0034","length":26,"bodyBytes":24}
{"ts":"2026-07-09T18:20:43.459Z","event":"phase3-sent","connectionId":1,"codeHex":"0x0035","phase1KeyBytes":16,"sequence":1}
{"ts":"2026-07-09T18:20:43.466Z","event":"frame-received","connectionId":1,"codeHex":"0x0036","length":10,"bodyBytes":8}
{"ts":"2026-07-09T18:20:43.476Z","event":"frame-received","connectionId":1,"codeHex":"0x0030","length":50,"bodyBytes":48}
{"ts":"2026-07-09T18:20:43.483Z","event":"0030-decoded","connectionId":1,"id":1,"innerCodeHex":"0x7000","innerLen":39}
{"ts":"2026-07-09T18:20:43.484Z","event":"login-credential","connectionId":1,"account":"inei00","authOk":true,"reason":null}
{"ts":"2026-07-09T18:20:43.499Z","event":"login-response-sent","connectionId":1,"keysetupCodeHex":"0x0031","redirectCodeHex":"0x7001","gin7KeyHex":"47494e370001000000070069006e006500690030003000000600640075006d006d00790000"}
{"ts":"2026-07-09T18:20:43.506Z","event":"peer-fin","connectionId":1}
{"ts":"2026-07-09T18:20:43.507Z","event":"connection-closed","connectionId":1,"hadError":false}
{"ts":"2026-07-09T18:20:43.507Z","event":"connection-opened","connectionId":2,"remoteAddress":"127.0.0.1","remotePort":14379}
{"ts":"2026-07-09T18:20:43.513Z","event":"frame-received","connectionId":2,"codeHex":"0x0034","length":26,"bodyBytes":24}
{"ts":"2026-07-09T18:20:43.519Z","event":"phase3-sent","connectionId":2,"codeHex":"0x0035","phase1KeyBytes":16,"sequence":1}
{"ts":"2026-07-09T18:20:43.527Z","event":"frame-received","connectionId":2,"codeHex":"0x0036","length":10,"bodyBytes":8}
{"ts":"2026-07-09T18:20:43.527Z","event":"frame-received","connectionId":2,"codeHex":"0x0030","length":18,"bodyBytes":16}
{"ts":"2026-07-09T18:20:43.534Z","event":"0030-decoded","connectionId":2,"id":1,"innerCodeHex":"0x0020","innerLen":6}
{"ts":"2026-07-09T18:20:43.534Z","event":"lobby-session-init","connectionId":2,"id":1}
{"ts":"2026-07-09T18:20:43.534Z","event":"frame-received","connectionId":2,"codeHex":"0x0030","length":42,"bodyBytes":40}
{"ts":"2026-07-09T18:20:43.542Z","event":"0030-decoded","connectionId":2,"id":2,"innerCodeHex":"0x2000","innerLen":25}
{"ts":"2026-07-09T18:20:43.549Z","event":"lobby-login-ok-sent","connectionId":2,"account":"inei00","replyId":3,"okCodeHex":"0x2001","okFormat":"message32","subheaderLen":4,"characterCount":1}
{"ts":"2026-07-09T18:20:47.434Z","event":"socket-error","connectionId":2,"message":"read ECONNRESET"}
{"ts":"2026-07-09T18:20:47.434Z","event":"connection-closed","connectionId":2,"hadError":true}
{"ts":"2026-07-09T18:21:54.762Z","event":"connection-opened","connectionId":3,"remoteAddress":"127.0.0.1","remotePort":14402}
{"ts":"2026-07-09T18:21:54.765Z","event":"frame-received","connectionId":3,"codeHex":"0x0034","length":26,"bodyBytes":24}
{"ts":"2026-07-09T18:21:54.771Z","event":"phase3-sent","connectionId":3,"codeHex":"0x0035","phase1KeyBytes":16,"sequence":1}
{"ts":"2026-07-09T18:21:54.772Z","event":"frame-received","connectionId":3,"codeHex":"0x0036","length":10,"bodyBytes":8}
{"ts":"2026-07-09T18:21:54.772Z","event":"frame-received","connectionId":3,"codeHex":"0x0030","length":50,"bodyBytes":48}
{"ts":"2026-07-09T18:21:54.778Z","event":"0030-decoded","connectionId":3,"id":1,"innerCodeHex":"0x7000","innerLen":39}
{"ts":"2026-07-09T18:21:54.778Z","event":"login-credential","connectionId":3,"account":"inei00","authOk":true,"reason":null}
{"ts":"2026-07-09T18:21:54.789Z","event":"login-response-sent","connectionId":3,"keysetupCodeHex":"0x0031","redirectCodeHex":"0x7001","gin7KeyHex":"47494e370001000000070069006e006500690030003000000600640075006d006d00790000"}
{"ts":"2026-07-09T18:21:54.792Z","event":"peer-fin","connectionId":3}
{"ts":"2026-07-09T18:21:54.792Z","event":"connection-closed","connectionId":3,"hadError":false}
{"ts":"2026-07-09T18:21:54.792Z","event":"connection-opened","connectionId":4,"remoteAddress":"127.0.0.1","remotePort":14403}
{"ts":"2026-07-09T18:21:54.799Z","event":"frame-received","connectionId":4,"codeHex":"0x0034","length":26,"bodyBytes":24}
{"ts":"2026-07-09T18:21:54.805Z","event":"phase3-sent","connectionId":4,"codeHex":"0x0035","phase1KeyBytes":16,"sequence":1}
{"ts":"2026-07-09T18:21:54.811Z","event":"frame-received","connectionId":4,"codeHex":"0x0036","length":10,"bodyBytes":8}
{"ts":"2026-07-09T18:21:54.811Z","event":"frame-received","connectionId":4,"codeHex":"0x0030","length":18,"bodyBytes":16}
{"ts":"2026-07-09T18:21:54.817Z","event":"0030-decoded","connectionId":4,"id":1,"innerCodeHex":"0x0020","innerLen":6}
{"ts":"2026-07-09T18:21:54.818Z","event":"lobby-session-init","connectionId":4,"id":1}
{"ts":"2026-07-09T18:21:54.818Z","event":"frame-received","connectionId":4,"codeHex":"0x0030","length":42,"bodyBytes":40}
{"ts":"2026-07-09T18:21:54.824Z","event":"0030-decoded","connectionId":4,"id":2,"innerCodeHex":"0x2000","innerLen":25}
{"ts":"2026-07-09T18:21:54.830Z","event":"lobby-login-ok-sent","connectionId":4,"account":"inei00","replyId":3,"okCodeHex":"0x2001","okFormat":"message32","subheaderLen":4,"characterCount":1}
{"ts":"2026-07-09T18:22:05.568Z","event":"frame-received","connectionId":4,"codeHex":"0x0030","length":18,"bodyBytes":16}
{"ts":"2026-07-09T18:22:05.574Z","event":"0030-decoded","connectionId":4,"id":3,"innerCodeHex":"0x2003","innerLen":2}
{"ts":"2026-07-09T18:22:05.584Z","event":"lobby-response-sent","connectionId":4,"replyId":4,"requestInnerCodeHex":"0x2003","responseInnerBytes":1762}
{"ts":"2026-07-09T18:22:05.593Z","event":"frame-received","connectionId":4,"codeHex":"0x0030","length":18,"bodyBytes":16}
{"ts":"2026-07-09T18:22:05.600Z","event":"0030-decoded","connectionId":4,"id":4,"innerCodeHex":"0x2005","innerLen":3}
{"ts":"2026-07-09T18:22:05.635Z","event":"lobby-response-sent","connectionId":4,"replyId":5,"requestInnerCodeHex":"0x2005","responseInnerBytes":21258}
{"ts":"2026-07-09T18:22:05.644Z","event":"frame-received","connectionId":4,"codeHex":"0x0030","length":18,"bodyBytes":16}
{"ts":"2026-07-09T18:22:05.650Z","event":"0030-decoded","connectionId":4,"id":5,"innerCodeHex":"0x2005","innerLen":3}
{"ts":"2026-07-09T18:22:05.683Z","event":"lobby-response-sent","connectionId":4,"replyId":6,"requestInnerCodeHex":"0x2005","responseInnerBytes":21258}
{"ts":"2026-07-09T18:23:13.297Z","event":"frame-received","connectionId":4,"codeHex":"0x0030","length":18,"bodyBytes":16}
{"ts":"2026-07-09T18:23:13.304Z","event":"0030-decoded","connectionId":4,"id":6,"innerCodeHex":"0x2009","innerLen":4}
{"ts":"2026-07-09T18:23:13.305Z","event":"session-login","connectionId":4,"createPending":false,"characterId":1,"sessionId":1,"responseIsMsg32":true,"responseHex":"00000000200a0100007fbb1c000000000001","innerHex":"20090100"}
{"ts":"2026-07-09T18:23:13.311Z","event":"world-response-sent","connectionId":4,"kind":"session-login-redirect","codes":[8202],"responseCount":1,"cell":null,"text":null}
{"ts":"2026-07-09T18:23:13.325Z","event":"peer-fin","connectionId":4}
{"ts":"2026-07-09T18:23:13.325Z","event":"connection-closed","connectionId":4,"hadError":false}
{"ts":"2026-07-09T18:23:13.325Z","event":"connection-opened","connectionId":5,"remoteAddress":"127.0.0.1","remotePort":14410}
{"ts":"2026-07-09T18:23:13.332Z","event":"frame-received","connectionId":5,"codeHex":"0x0034","length":26,"bodyBytes":24}
{"ts":"2026-07-09T18:23:13.338Z","event":"phase3-sent","connectionId":5,"codeHex":"0x0035","phase1KeyBytes":16,"sequence":1}
{"ts":"2026-07-09T18:23:13.338Z","event":"frame-received","connectionId":5,"codeHex":"0x0036","length":10,"bodyBytes":8}
{"ts":"2026-07-09T18:23:13.338Z","event":"frame-received","connectionId":5,"codeHex":"0x0030","length":18,"bodyBytes":16}
{"ts":"2026-07-09T18:23:13.344Z","event":"0030-decoded","connectionId":5,"id":1,"innerCodeHex":"0x0020","innerLen":6}
{"ts":"2026-07-09T18:23:13.345Z","event":"lobby-session-init","connectionId":5,"id":1}
{"ts":"2026-07-09T18:23:13.345Z","event":"frame-received","connectionId":5,"codeHex":"0x0030","length":42,"bodyBytes":40}
{"ts":"2026-07-09T18:23:13.351Z","event":"0030-decoded","connectionId":5,"id":2,"innerCodeHex":"0x0200","innerLen":25}
{"ts":"2026-07-09T18:23:13.358Z","event":"ss-login-ok-sent","connectionId":5,"replyId":3,"account":"inei00","requestInnerBytes":25,"responseHex":"00000000020101","note":"world records deferred to 0x0205 SSGameLoginRequest"}
{"ts":"2026-07-09T18:23:14.888Z","event":"frame-received","connectionId":5,"codeHex":"0x0030","length":18,"bodyBytes":16}
{"ts":"2026-07-09T18:23:14.894Z","event":"0030-decoded","connectionId":5,"id":3,"innerCodeHex":"0x0205","innerLen":2}
{"ts":"2026-07-09T18:23:15.012Z","event":"world-response-sent","connectionId":5,"kind":"world-enter","codes":[518,516,803,805,769,3841,3843,789],"responseCount":8,"cell":null,"text":null}
{"ts":"2026-07-09T18:23:15.012Z","event":"frame-received","connectionId":5,"codeHex":"0x0030","length":18,"bodyBytes":16}
{"ts":"2026-07-09T18:23:15.018Z","event":"0030-decoded","connectionId":5,"id":4,"innerCodeHex":"0x0205","innerLen":2}
{"ts":"2026-07-09T18:23:15.135Z","event":"world-response-sent","connectionId":5,"kind":"world-enter","codes":[518,516,803,805,769,3841,3843,789],"responseCount":8,"cell":null,"text":null}
{"ts":"2026-07-09T18:23:15.135Z","event":"frame-received","connectionId":5,"codeHex":"0x0030","length":18,"bodyBytes":16}
{"ts":"2026-07-09T18:23:15.143Z","event":"0030-decoded","connectionId":5,"id":5,"innerCodeHex":"0x0304","innerLen":2}
{"ts":"2026-07-09T18:23:15.177Z","event":"world-response-sent","connectionId":5,"kind":"admission","codes":null,"responseCount":1,"cell":null,"text":null}
{"ts":"2026-07-09T18:23:15.183Z","event":"frame-received","connectionId":5,"codeHex":"0x0030","length":18,"bodyBytes":16}
{"ts":"2026-07-09T18:23:15.188Z","event":"0030-decoded","connectionId":5,"id":6,"innerCodeHex":"0x0306","innerLen":2}
{"ts":"2026-07-09T18:23:15.258Z","event":"world-response-sent","connectionId":5,"kind":"admission","codes":null,"responseCount":1,"cell":null,"text":null}
{"ts":"2026-07-09T18:23:15.261Z","event":"frame-received","connectionId":5,"codeHex":"0x0030","length":18,"bodyBytes":16}
{"ts":"2026-07-09T18:23:15.267Z","event":"0030-decoded","connectionId":5,"id":7,"innerCodeHex":"0x0314","innerLen":2}
{"ts":"2026-07-09T18:23:15.280Z","event":"world-response-sent","connectionId":5,"kind":"admission","codes":null,"responseCount":1,"cell":null,"text":null}
{"ts":"2026-07-09T18:23:15.280Z","event":"frame-received","connectionId":5,"codeHex":"0x0030","length":18,"bodyBytes":16}
{"ts":"2026-07-09T18:23:15.287Z","event":"0030-decoded","connectionId":5,"id":8,"innerCodeHex":"0x0312","innerLen":2}
{"ts":"2026-07-09T18:23:15.298Z","event":"world-response-sent","connectionId":5,"kind":"admission","codes":null,"responseCount":1,"cell":null,"text":null}
{"ts":"2026-07-09T18:23:15.298Z","event":"frame-received","connectionId":5,"codeHex":"0x0030","length":18,"bodyBytes":16}
{"ts":"2026-07-09T18:23:15.305Z","event":"0030-decoded","connectionId":5,"id":9,"innerCodeHex":"0x030a","innerLen":2}
{"ts":"2026-07-09T18:23:15.341Z","event":"world-response-sent","connectionId":5,"kind":"admission","codes":null,"responseCount":1,"cell":null,"text":null}
{"ts":"2026-07-09T18:23:15.347Z","event":"frame-received","connectionId":5,"codeHex":"0x0030","length":18,"bodyBytes":16}
{"ts":"2026-07-09T18:23:15.354Z","event":"0030-decoded","connectionId":5,"id":10,"innerCodeHex":"0x0310","innerLen":2}
{"ts":"2026-07-09T18:23:15.362Z","event":"world-response-sent","connectionId":5,"kind":"admission","codes":null,"responseCount":1,"cell":null,"text":null}
{"ts":"2026-07-09T18:23:15.364Z","event":"frame-received","connectionId":5,"codeHex":"0x0030","length":18,"bodyBytes":16}
{"ts":"2026-07-09T18:23:15.370Z","event":"0030-decoded","connectionId":5,"id":11,"innerCodeHex":"0x030e","innerLen":2}
{"ts":"2026-07-09T18:23:15.376Z","event":"world-response-sent","connectionId":5,"kind":"admission","codes":null,"responseCount":1,"cell":null,"text":null}
{"ts":"2026-07-09T18:23:15.376Z","event":"frame-received","connectionId":5,"codeHex":"0x0030","length":18,"bodyBytes":16}
{"ts":"2026-07-09T18:23:15.382Z","event":"0030-decoded","connectionId":5,"id":12,"innerCodeHex":"0x031c","innerLen":2}
{"ts":"2026-07-09T18:23:15.412Z","event":"world-response-sent","connectionId":5,"kind":"admission","codes":null,"responseCount":1,"cell":null,"text":null}
{"ts":"2026-07-09T18:23:15.413Z","event":"frame-received","connectionId":5,"codeHex":"0x0030","length":18,"bodyBytes":16}
{"ts":"2026-07-09T18:23:15.419Z","event":"0030-decoded","connectionId":5,"id":13,"innerCodeHex":"0x0308","innerLen":2}
{"ts":"2026-07-09T18:23:15.419Z","event":"lobby-inner-error","connectionId":5,"innerCodeHex":"0x0308","message":"handleLobbyInner: 알 수 없는 코드 0x0308","innerHex":"0308"}
{"ts":"2026-07-09T18:23:15.419Z","event":"inner-unhandled","connectionId":5,"innerCodeHex":"0x0308","message":"handleLobbyInner: 알 수 없는 코드 0x0308","innerHex":"0308"}
{"ts":"2026-07-09T18:25:08.386Z","event":"socket-error","connectionId":5,"message":"read ECONNRESET"}
{"ts":"2026-07-09T18:25:08.387Z","event":"connection-closed","connectionId":5,"hadError":true}
