{"ts":"2026-07-09T23:08:32.657Z","event":"server-listening","address":{"address":"127.0.0.1","family":"IPv4","port":47900}}
{"event":"m2-server-ready","address":{"address":"127.0.0.1","family":"IPv4","port":47900},"store":".omo/live-qa/m3-frida-20260710-0806/store.json"}
{"ts":"2026-07-09T23:08:54.470Z","event":"connection-opened","connectionId":1,"remoteAddress":"127.0.0.1","remotePort":4585}
{"ts":"2026-07-09T23:08:54.472Z","event":"frame-received","connectionId":1,"codeHex":"0x0034","length":26,"bodyBytes":24}
{"ts":"2026-07-09T23:08:54.492Z","event":"phase3-sent","connectionId":1,"codeHex":"0x0035","phase1KeyBytes":16,"sequence":1}
{"ts":"2026-07-09T23:08:54.499Z","event":"frame-received","connectionId":1,"codeHex":"0x0036","length":10,"bodyBytes":8}
{"ts":"2026-07-09T23:08:54.509Z","event":"frame-received","connectionId":1,"codeHex":"0x0030","length":50,"bodyBytes":48}
{"ts":"2026-07-09T23:08:54.517Z","event":"0030-decoded","connectionId":1,"id":1,"innerCodeHex":"0x7000","innerLen":39}
{"ts":"2026-07-09T23:08:54.518Z","event":"login-credential","connectionId":1,"account":"inei00","authOk":true,"reason":null}
{"ts":"2026-07-09T23:08:54.533Z","event":"login-response-sent","connectionId":1,"keysetupCodeHex":"0x0031","redirectCodeHex":"0x7001","gin7KeyHex":"47494e370001000000070069006e006500690030003000000600640075006d006d00790000"}
{"ts":"2026-07-09T23:08:54.535Z","event":"peer-fin","connectionId":1}
{"ts":"2026-07-09T23:08:54.537Z","event":"connection-closed","connectionId":1,"hadError":false}
{"ts":"2026-07-09T23:08:54.537Z","event":"connection-opened","connectionId":2,"remoteAddress":"127.0.0.1","remotePort":4586}
{"ts":"2026-07-09T23:08:54.543Z","event":"frame-received","connectionId":2,"codeHex":"0x0034","length":26,"bodyBytes":24}
{"ts":"2026-07-09T23:08:54.551Z","event":"phase3-sent","connectionId":2,"codeHex":"0x0035","phase1KeyBytes":16,"sequence":1}
{"ts":"2026-07-09T23:08:54.557Z","event":"frame-received","connectionId":2,"codeHex":"0x0036","length":10,"bodyBytes":8}
{"ts":"2026-07-09T23:08:54.557Z","event":"frame-received","connectionId":2,"codeHex":"0x0030","length":18,"bodyBytes":16}
{"ts":"2026-07-09T23:08:54.563Z","event":"0030-decoded","connectionId":2,"id":1,"innerCodeHex":"0x0020","innerLen":6}
{"ts":"2026-07-09T23:08:54.563Z","event":"lobby-session-init","connectionId":2,"id":1}
{"ts":"2026-07-09T23:08:54.564Z","event":"frame-received","connectionId":2,"codeHex":"0x0030","length":42,"bodyBytes":40}
{"ts":"2026-07-09T23:08:54.571Z","event":"0030-decoded","connectionId":2,"id":2,"innerCodeHex":"0x2000","innerLen":25}
{"ts":"2026-07-09T23:08:54.577Z","event":"lobby-login-ok-sent","connectionId":2,"account":"inei00","replyId":3,"okCodeHex":"0x2001","okFormat":"message32","subheaderLen":4,"characterCount":1}
{"ts":"2026-07-09T23:09:05.301Z","event":"frame-received","connectionId":2,"codeHex":"0x0030","length":18,"bodyBytes":16}
{"ts":"2026-07-09T23:09:05.308Z","event":"0030-decoded","connectionId":2,"id":3,"innerCodeHex":"0x2003","innerLen":2}
{"ts":"2026-07-09T23:09:05.318Z","event":"lobby-response-sent","connectionId":2,"replyId":4,"requestInnerCodeHex":"0x2003","responseInnerBytes":1762}
{"ts":"2026-07-09T23:09:05.326Z","event":"frame-received","connectionId":2,"codeHex":"0x0030","length":18,"bodyBytes":16}
{"ts":"2026-07-09T23:09:05.332Z","event":"0030-decoded","connectionId":2,"id":4,"innerCodeHex":"0x2005","innerLen":3}
{"ts":"2026-07-09T23:09:05.367Z","event":"lobby-response-sent","connectionId":2,"replyId":5,"requestInnerCodeHex":"0x2005","responseInnerBytes":21258}
{"ts":"2026-07-09T23:09:05.377Z","event":"frame-received","connectionId":2,"codeHex":"0x0030","length":18,"bodyBytes":16}
{"ts":"2026-07-09T23:09:05.383Z","event":"0030-decoded","connectionId":2,"id":5,"innerCodeHex":"0x2005","innerLen":3}
{"ts":"2026-07-09T23:09:05.416Z","event":"lobby-response-sent","connectionId":2,"replyId":6,"requestInnerCodeHex":"0x2005","responseInnerBytes":21258}
{"ts":"2026-07-09T23:09:51.021Z","event":"socket-error","connectionId":2,"message":"read ECONNRESET"}
{"ts":"2026-07-09T23:09:51.021Z","event":"connection-closed","connectionId":2,"hadError":true}
{"ts":"2026-07-09T23:13:03.632Z","event":"connection-opened","connectionId":3,"remoteAddress":"127.0.0.1","remotePort":4626}
{"ts":"2026-07-09T23:13:03.634Z","event":"frame-received","connectionId":3,"codeHex":"0x0034","length":26,"bodyBytes":24}
{"ts":"2026-07-09T23:13:03.641Z","event":"phase3-sent","connectionId":3,"codeHex":"0x0035","phase1KeyBytes":16,"sequence":1}
{"ts":"2026-07-09T23:13:03.641Z","event":"frame-received","connectionId":3,"codeHex":"0x0036","length":10,"bodyBytes":8}
{"ts":"2026-07-09T23:13:03.641Z","event":"frame-received","connectionId":3,"codeHex":"0x0030","length":50,"bodyBytes":48}
{"ts":"2026-07-09T23:13:03.647Z","event":"0030-decoded","connectionId":3,"id":1,"innerCodeHex":"0x7000","innerLen":39}
{"ts":"2026-07-09T23:13:03.648Z","event":"login-credential","connectionId":3,"account":"inei00","authOk":true,"reason":null}
{"ts":"2026-07-09T23:13:03.659Z","event":"login-response-sent","connectionId":3,"keysetupCodeHex":"0x0031","redirectCodeHex":"0x7001","gin7KeyHex":"47494e370001000000070069006e006500690030003000000600640075006d006d00790000"}
{"ts":"2026-07-09T23:13:03.661Z","event":"peer-fin","connectionId":3}
{"ts":"2026-07-09T23:13:03.662Z","event":"connection-closed","connectionId":3,"hadError":false}
{"ts":"2026-07-09T23:13:03.662Z","event":"connection-opened","connectionId":4,"remoteAddress":"127.0.0.1","remotePort":4627}
{"ts":"2026-07-09T23:13:03.668Z","event":"frame-received","connectionId":4,"codeHex":"0x0034","length":26,"bodyBytes":24}
{"ts":"2026-07-09T23:13:03.674Z","event":"phase3-sent","connectionId":4,"codeHex":"0x0035","phase1KeyBytes":16,"sequence":1}
{"ts":"2026-07-09T23:13:03.675Z","event":"frame-received","connectionId":4,"codeHex":"0x0036","length":10,"bodyBytes":8}
{"ts":"2026-07-09T23:13:03.675Z","event":"frame-received","connectionId":4,"codeHex":"0x0030","length":18,"bodyBytes":16}
{"ts":"2026-07-09T23:13:03.681Z","event":"0030-decoded","connectionId":4,"id":1,"innerCodeHex":"0x0020","innerLen":6}
{"ts":"2026-07-09T23:13:03.681Z","event":"lobby-session-init","connectionId":4,"id":1}
{"ts":"2026-07-09T23:13:03.682Z","event":"frame-received","connectionId":4,"codeHex":"0x0030","length":42,"bodyBytes":40}
{"ts":"2026-07-09T23:13:03.687Z","event":"0030-decoded","connectionId":4,"id":2,"innerCodeHex":"0x2000","innerLen":25}
{"ts":"2026-07-09T23:13:03.692Z","event":"lobby-login-ok-sent","connectionId":4,"account":"inei00","replyId":3,"okCodeHex":"0x2001","okFormat":"message32","subheaderLen":4,"characterCount":1}
{"ts":"2026-07-09T23:13:14.418Z","event":"frame-received","connectionId":4,"codeHex":"0x0030","length":18,"bodyBytes":16}
{"ts":"2026-07-09T23:13:14.425Z","event":"0030-decoded","connectionId":4,"id":3,"innerCodeHex":"0x2003","innerLen":2}
{"ts":"2026-07-09T23:13:14.433Z","event":"lobby-response-sent","connectionId":4,"replyId":4,"requestInnerCodeHex":"0x2003","responseInnerBytes":1762}
{"ts":"2026-07-09T23:13:14.444Z","event":"frame-received","connectionId":4,"codeHex":"0x0030","length":18,"bodyBytes":16}
{"ts":"2026-07-09T23:13:14.450Z","event":"0030-decoded","connectionId":4,"id":4,"innerCodeHex":"0x2005","innerLen":3}
{"ts":"2026-07-09T23:13:14.483Z","event":"lobby-response-sent","connectionId":4,"replyId":5,"requestInnerCodeHex":"0x2005","responseInnerBytes":21258}
{"ts":"2026-07-09T23:13:14.496Z","event":"frame-received","connectionId":4,"codeHex":"0x0030","length":18,"bodyBytes":16}
{"ts":"2026-07-09T23:13:14.507Z","event":"0030-decoded","connectionId":4,"id":5,"innerCodeHex":"0x2005","innerLen":3}
{"ts":"2026-07-09T23:13:14.546Z","event":"lobby-response-sent","connectionId":4,"replyId":6,"requestInnerCodeHex":"0x2005","responseInnerBytes":21258}
{"ts":"2026-07-09T23:13:20.619Z","event":"frame-received","connectionId":4,"codeHex":"0x0030","length":18,"bodyBytes":16}
{"ts":"2026-07-09T23:13:20.625Z","event":"0030-decoded","connectionId":4,"id":6,"innerCodeHex":"0x2009","innerLen":4}
{"ts":"2026-07-09T23:13:20.626Z","event":"session-login","connectionId":4,"createPending":false,"characterId":1,"sessionId":1,"responseIsMsg32":true,"responseHex":"00000000200a0100007fbb1c000000000001","innerHex":"20090100"}
{"ts":"2026-07-09T23:13:20.633Z","event":"world-response-sent","connectionId":4,"kind":"session-login-redirect","codes":[8202],"responseCount":1,"cell":null,"text":null}
{"ts":"2026-07-09T23:13:20.646Z","event":"peer-fin","connectionId":4}
{"ts":"2026-07-09T23:13:20.647Z","event":"connection-closed","connectionId":4,"hadError":false}
{"ts":"2026-07-09T23:13:20.648Z","event":"connection-opened","connectionId":5,"remoteAddress":"127.0.0.1","remotePort":4628}
{"ts":"2026-07-09T23:13:20.652Z","event":"frame-received","connectionId":5,"codeHex":"0x0034","length":26,"bodyBytes":24}
{"ts":"2026-07-09T23:13:20.659Z","event":"phase3-sent","connectionId":5,"codeHex":"0x0035","phase1KeyBytes":16,"sequence":1}
{"ts":"2026-07-09T23:13:20.665Z","event":"frame-received","connectionId":5,"codeHex":"0x0036","length":10,"bodyBytes":8}
{"ts":"2026-07-09T23:13:20.665Z","event":"frame-received","connectionId":5,"codeHex":"0x0030","length":18,"bodyBytes":16}
{"ts":"2026-07-09T23:13:20.672Z","event":"0030-decoded","connectionId":5,"id":1,"innerCodeHex":"0x0020","innerLen":6}
{"ts":"2026-07-09T23:13:20.672Z","event":"lobby-session-init","connectionId":5,"id":1}
{"ts":"2026-07-09T23:13:20.672Z","event":"frame-received","connectionId":5,"codeHex":"0x0030","length":42,"bodyBytes":40}
{"ts":"2026-07-09T23:13:20.679Z","event":"0030-decoded","connectionId":5,"id":2,"innerCodeHex":"0x0200","innerLen":25}
{"ts":"2026-07-09T23:13:20.685Z","event":"ss-login-ok-sent","connectionId":5,"replyId":3,"account":"inei00","requestInnerBytes":25,"responseHex":"00000000020101","note":"world records deferred to 0x0205 SSGameLoginRequest"}
{"ts":"2026-07-09T23:13:22.211Z","event":"frame-received","connectionId":5,"codeHex":"0x0030","length":18,"bodyBytes":16}
{"ts":"2026-07-09T23:13:22.217Z","event":"0030-decoded","connectionId":5,"id":3,"innerCodeHex":"0x0205","innerLen":2}
{"ts":"2026-07-09T23:13:22.302Z","event":"world-response-sent","connectionId":5,"kind":"world-enter","codes":[518,516,803,805],"responseCount":4,"cell":null,"text":null}
{"ts":"2026-07-09T23:13:22.302Z","event":"frame-received","connectionId":5,"codeHex":"0x0030","length":18,"bodyBytes":16}
{"ts":"2026-07-09T23:13:22.309Z","event":"0030-decoded","connectionId":5,"id":4,"innerCodeHex":"0x0205","innerLen":2}
{"ts":"2026-07-09T23:13:22.394Z","event":"world-response-sent","connectionId":5,"kind":"world-enter","codes":[518,516,803,805],"responseCount":4,"cell":null,"text":null}
{"ts":"2026-07-09T23:13:22.394Z","event":"frame-received","connectionId":5,"codeHex":"0x0030","length":18,"bodyBytes":16}
{"ts":"2026-07-09T23:13:22.399Z","event":"0030-decoded","connectionId":5,"id":5,"innerCodeHex":"0x0304","innerLen":2}
{"ts":"2026-07-09T23:13:22.428Z","event":"world-response-sent","connectionId":5,"kind":"admission","codes":null,"responseCount":1,"cell":null,"text":null}
{"ts":"2026-07-09T23:13:22.432Z","event":"frame-received","connectionId":5,"codeHex":"0x0030","length":18,"bodyBytes":16}
{"ts":"2026-07-09T23:13:22.438Z","event":"0030-decoded","connectionId":5,"id":6,"innerCodeHex":"0x0306","innerLen":2}
{"ts":"2026-07-09T23:13:22.511Z","event":"world-response-sent","connectionId":5,"kind":"admission","codes":null,"responseCount":1,"cell":null,"text":null}
{"ts":"2026-07-09T23:13:22.513Z","event":"frame-received","connectionId":5,"codeHex":"0x0030","length":18,"bodyBytes":16}
{"ts":"2026-07-09T23:13:22.519Z","event":"0030-decoded","connectionId":5,"id":7,"innerCodeHex":"0x0314","innerLen":2}
{"ts":"2026-07-09T23:13:22.686Z","event":"world-response-sent","connectionId":5,"kind":"admission-world-ready","codes":null,"responseCount":8,"cell":null,"text":null}
{"ts":"2026-07-09T23:14:10.736Z","event":"socket-error","connectionId":5,"message":"read ECONNRESET"}
{"ts":"2026-07-09T23:14:10.736Z","event":"connection-closed","connectionId":5,"hadError":true}
{"ts":"2026-07-09T23:19:23.164Z","event":"connection-opened","connectionId":6,"remoteAddress":"127.0.0.1","remotePort":4707}
{"ts":"2026-07-09T23:19:23.167Z","event":"frame-received","connectionId":6,"codeHex":"0x0034","length":26,"bodyBytes":24}
{"ts":"2026-07-09T23:19:23.173Z","event":"phase3-sent","connectionId":6,"codeHex":"0x0035","phase1KeyBytes":16,"sequence":1}
{"ts":"2026-07-09T23:19:23.179Z","event":"frame-received","connectionId":6,"codeHex":"0x0036","length":10,"bodyBytes":8}
{"ts":"2026-07-09T23:19:23.179Z","event":"frame-received","connectionId":6,"codeHex":"0x0030","length":50,"bodyBytes":48}
{"ts":"2026-07-09T23:19:23.185Z","event":"0030-decoded","connectionId":6,"id":1,"innerCodeHex":"0x7000","innerLen":39}
{"ts":"2026-07-09T23:19:23.185Z","event":"login-credential","connectionId":6,"account":"inei00","authOk":true,"reason":null}
{"ts":"2026-07-09T23:19:23.197Z","event":"login-response-sent","connectionId":6,"keysetupCodeHex":"0x0031","redirectCodeHex":"0x7001","gin7KeyHex":"47494e370001000000070069006e006500690030003000000600640075006d006d00790000"}
{"ts":"2026-07-09T23:19:23.197Z","event":"peer-fin","connectionId":6}
{"ts":"2026-07-09T23:19:23.198Z","event":"connection-closed","connectionId":6,"hadError":false}
{"ts":"2026-07-09T23:19:23.198Z","event":"connection-opened","connectionId":7,"remoteAddress":"127.0.0.1","remotePort":4708}
{"ts":"2026-07-09T23:19:23.205Z","event":"frame-received","connectionId":7,"codeHex":"0x0034","length":26,"bodyBytes":24}
{"ts":"2026-07-09T23:19:23.211Z","event":"phase3-sent","connectionId":7,"codeHex":"0x0035","phase1KeyBytes":16,"sequence":1}
{"ts":"2026-07-09T23:19:23.211Z","event":"frame-received","connectionId":7,"codeHex":"0x0036","length":10,"bodyBytes":8}
{"ts":"2026-07-09T23:19:23.212Z","event":"frame-received","connectionId":7,"codeHex":"0x0030","length":18,"bodyBytes":16}
{"ts":"2026-07-09T23:19:23.218Z","event":"0030-decoded","connectionId":7,"id":1,"innerCodeHex":"0x0020","innerLen":6}
{"ts":"2026-07-09T23:19:23.218Z","event":"lobby-session-init","connectionId":7,"id":1}
{"ts":"2026-07-09T23:19:23.218Z","event":"frame-received","connectionId":7,"codeHex":"0x0030","length":42,"bodyBytes":40}
{"ts":"2026-07-09T23:19:23.224Z","event":"0030-decoded","connectionId":7,"id":2,"innerCodeHex":"0x2000","innerLen":25}
{"ts":"2026-07-09T23:19:23.231Z","event":"lobby-login-ok-sent","connectionId":7,"account":"inei00","replyId":3,"okCodeHex":"0x2001","okFormat":"message32","subheaderLen":4,"characterCount":1}
{"ts":"2026-07-09T23:19:34.096Z","event":"frame-received","connectionId":7,"codeHex":"0x0030","length":18,"bodyBytes":16}
{"ts":"2026-07-09T23:19:34.101Z","event":"0030-decoded","connectionId":7,"id":3,"innerCodeHex":"0x2003","innerLen":2}
{"ts":"2026-07-09T23:19:34.110Z","event":"lobby-response-sent","connectionId":7,"replyId":4,"requestInnerCodeHex":"0x2003","responseInnerBytes":1762}
{"ts":"2026-07-09T23:19:34.122Z","event":"frame-received","connectionId":7,"codeHex":"0x0030","length":18,"bodyBytes":16}
{"ts":"2026-07-09T23:19:34.128Z","event":"0030-decoded","connectionId":7,"id":4,"innerCodeHex":"0x2005","innerLen":3}
{"ts":"2026-07-09T23:19:34.159Z","event":"lobby-response-sent","connectionId":7,"replyId":5,"requestInnerCodeHex":"0x2005","responseInnerBytes":21258}
{"ts":"2026-07-09T23:19:34.166Z","event":"frame-received","connectionId":7,"codeHex":"0x0030","length":18,"bodyBytes":16}
{"ts":"2026-07-09T23:19:34.173Z","event":"0030-decoded","connectionId":7,"id":5,"innerCodeHex":"0x2005","innerLen":3}
{"ts":"2026-07-09T23:19:34.204Z","event":"lobby-response-sent","connectionId":7,"replyId":6,"requestInnerCodeHex":"0x2005","responseInnerBytes":21258}
{"ts":"2026-07-09T23:19:40.192Z","event":"frame-received","connectionId":7,"codeHex":"0x0030","length":18,"bodyBytes":16}
{"ts":"2026-07-09T23:19:40.197Z","event":"0030-decoded","connectionId":7,"id":6,"innerCodeHex":"0x2009","innerLen":4}
{"ts":"2026-07-09T23:19:40.198Z","event":"session-login","connectionId":7,"createPending":false,"characterId":1,"sessionId":1,"responseIsMsg32":true,"responseHex":"00000000200a0100007fbb1c000000000001","innerHex":"20090100"}
{"ts":"2026-07-09T23:19:40.203Z","event":"world-response-sent","connectionId":7,"kind":"session-login-redirect","codes":[8202],"responseCount":1,"cell":null,"text":null}
{"ts":"2026-07-09T23:19:40.210Z","event":"peer-fin","connectionId":7}
{"ts":"2026-07-09T23:19:40.210Z","event":"connection-closed","connectionId":7,"hadError":false}
{"ts":"2026-07-09T23:19:40.210Z","event":"connection-opened","connectionId":8,"remoteAddress":"127.0.0.1","remotePort":4710}
{"ts":"2026-07-09T23:19:40.216Z","event":"frame-received","connectionId":8,"codeHex":"0x0034","length":26,"bodyBytes":24}
{"ts":"2026-07-09T23:19:40.222Z","event":"phase3-sent","connectionId":8,"codeHex":"0x0035","phase1KeyBytes":16,"sequence":1}
{"ts":"2026-07-09T23:19:40.229Z","event":"frame-received","connectionId":8,"codeHex":"0x0036","length":10,"bodyBytes":8}
{"ts":"2026-07-09T23:19:40.229Z","event":"frame-received","connectionId":8,"codeHex":"0x0030","length":18,"bodyBytes":16}
{"ts":"2026-07-09T23:19:40.235Z","event":"0030-decoded","connectionId":8,"id":1,"innerCodeHex":"0x0020","innerLen":6}
{"ts":"2026-07-09T23:19:40.235Z","event":"lobby-session-init","connectionId":8,"id":1}
{"ts":"2026-07-09T23:19:40.235Z","event":"frame-received","connectionId":8,"codeHex":"0x0030","length":42,"bodyBytes":40}
{"ts":"2026-07-09T23:19:40.241Z","event":"0030-decoded","connectionId":8,"id":2,"innerCodeHex":"0x0200","innerLen":25}
{"ts":"2026-07-09T23:19:40.246Z","event":"ss-login-ok-sent","connectionId":8,"replyId":3,"account":"inei00","requestInnerBytes":25,"responseHex":"00000000020101","note":"world records deferred to 0x0205 SSGameLoginRequest"}
{"ts":"2026-07-09T23:19:41.766Z","event":"frame-received","connectionId":8,"codeHex":"0x0030","length":18,"bodyBytes":16}
{"ts":"2026-07-09T23:19:41.771Z","event":"0030-decoded","connectionId":8,"id":3,"innerCodeHex":"0x0205","innerLen":2}
{"ts":"2026-07-09T23:19:41.853Z","event":"world-response-sent","connectionId":8,"kind":"world-enter","codes":[518,516,803,805],"responseCount":4,"cell":null,"text":null}
{"ts":"2026-07-09T23:19:41.853Z","event":"frame-received","connectionId":8,"codeHex":"0x0030","length":18,"bodyBytes":16}
{"ts":"2026-07-09T23:19:41.860Z","event":"0030-decoded","connectionId":8,"id":4,"innerCodeHex":"0x0304","innerLen":2}
{"ts":"2026-07-09T23:19:41.890Z","event":"world-response-sent","connectionId":8,"kind":"admission","codes":null,"responseCount":1,"cell":null,"text":null}
{"ts":"2026-07-09T23:19:41.896Z","event":"frame-received","connectionId":8,"codeHex":"0x0030","length":18,"bodyBytes":16}
{"ts":"2026-07-09T23:19:41.902Z","event":"0030-decoded","connectionId":8,"id":5,"innerCodeHex":"0x0306","innerLen":2}
{"ts":"2026-07-09T23:19:41.972Z","event":"world-response-sent","connectionId":8,"kind":"admission","codes":null,"responseCount":1,"cell":null,"text":null}
{"ts":"2026-07-09T23:19:41.974Z","event":"frame-received","connectionId":8,"codeHex":"0x0030","length":18,"bodyBytes":16}
{"ts":"2026-07-09T23:19:41.979Z","event":"0030-decoded","connectionId":8,"id":6,"innerCodeHex":"0x0314","innerLen":2}
{"ts":"2026-07-09T23:19:42.144Z","event":"world-response-sent","connectionId":8,"kind":"admission-world-ready","codes":null,"responseCount":8,"cell":null,"text":null}
{"ts":"2026-07-09T23:20:30.361Z","event":"socket-error","connectionId":8,"message":"read ECONNRESET"}
{"ts":"2026-07-09T23:20:30.361Z","event":"connection-closed","connectionId":8,"hadError":true}
{"ts":"2026-07-09T23:21:45.906Z","event":"connection-opened","connectionId":9,"remoteAddress":"127.0.0.1","remotePort":4731}
{"ts":"2026-07-09T23:21:45.908Z","event":"frame-received","connectionId":9,"codeHex":"0x0034","length":26,"bodyBytes":24}
{"ts":"2026-07-09T23:21:45.916Z","event":"phase3-sent","connectionId":9,"codeHex":"0x0035","phase1KeyBytes":16,"sequence":1}
{"ts":"2026-07-09T23:21:45.922Z","event":"frame-received","connectionId":9,"codeHex":"0x0036","length":10,"bodyBytes":8}
{"ts":"2026-07-09T23:21:45.922Z","event":"frame-received","connectionId":9,"codeHex":"0x0030","length":50,"bodyBytes":48}
{"ts":"2026-07-09T23:21:45.929Z","event":"0030-decoded","connectionId":9,"id":1,"innerCodeHex":"0x7000","innerLen":39}
{"ts":"2026-07-09T23:21:45.930Z","event":"login-credential","connectionId":9,"account":"inei00","authOk":true,"reason":null}
{"ts":"2026-07-09T23:21:45.942Z","event":"login-response-sent","connectionId":9,"keysetupCodeHex":"0x0031","redirectCodeHex":"0x7001","gin7KeyHex":"47494e370001000000070069006e006500690030003000000600640075006d006d00790000"}
{"ts":"2026-07-09T23:21:45.948Z","event":"peer-fin","connectionId":9}
{"ts":"2026-07-09T23:21:45.948Z","event":"connection-closed","connectionId":9,"hadError":false}
{"ts":"2026-07-09T23:21:45.949Z","event":"connection-opened","connectionId":10,"remoteAddress":"127.0.0.1","remotePort":4732}
{"ts":"2026-07-09T23:21:45.954Z","event":"frame-received","connectionId":10,"codeHex":"0x0034","length":26,"bodyBytes":24}
{"ts":"2026-07-09T23:21:45.961Z","event":"phase3-sent","connectionId":10,"codeHex":"0x0035","phase1KeyBytes":16,"sequence":1}
{"ts":"2026-07-09T23:21:45.968Z","event":"frame-received","connectionId":10,"codeHex":"0x0036","length":10,"bodyBytes":8}
{"ts":"2026-07-09T23:21:45.968Z","event":"frame-received","connectionId":10,"codeHex":"0x0030","length":18,"bodyBytes":16}
{"ts":"2026-07-09T23:21:45.974Z","event":"0030-decoded","connectionId":10,"id":1,"innerCodeHex":"0x0020","innerLen":6}
{"ts":"2026-07-09T23:21:45.974Z","event":"lobby-session-init","connectionId":10,"id":1}
{"ts":"2026-07-09T23:21:45.975Z","event":"frame-received","connectionId":10,"codeHex":"0x0030","length":42,"bodyBytes":40}
{"ts":"2026-07-09T23:21:45.981Z","event":"0030-decoded","connectionId":10,"id":2,"innerCodeHex":"0x2000","innerLen":25}
{"ts":"2026-07-09T23:21:45.988Z","event":"lobby-login-ok-sent","connectionId":10,"account":"inei00","replyId":3,"okCodeHex":"0x2001","okFormat":"message32","subheaderLen":4,"characterCount":1}
{"ts":"2026-07-09T23:21:56.731Z","event":"frame-received","connectionId":10,"codeHex":"0x0030","length":18,"bodyBytes":16}
{"ts":"2026-07-09T23:21:56.738Z","event":"0030-decoded","connectionId":10,"id":3,"innerCodeHex":"0x2003","innerLen":2}
{"ts":"2026-07-09T23:21:56.746Z","event":"lobby-response-sent","connectionId":10,"replyId":4,"requestInnerCodeHex":"0x2003","responseInnerBytes":1762}
{"ts":"2026-07-09T23:21:56.757Z","event":"frame-received","connectionId":10,"codeHex":"0x0030","length":18,"bodyBytes":16}
{"ts":"2026-07-09T23:21:56.764Z","event":"0030-decoded","connectionId":10,"id":4,"innerCodeHex":"0x2005","innerLen":3}
{"ts":"2026-07-09T23:21:56.796Z","event":"lobby-response-sent","connectionId":10,"replyId":5,"requestInnerCodeHex":"0x2005","responseInnerBytes":21258}
{"ts":"2026-07-09T23:21:56.808Z","event":"frame-received","connectionId":10,"codeHex":"0x0030","length":18,"bodyBytes":16}
{"ts":"2026-07-09T23:21:56.817Z","event":"0030-decoded","connectionId":10,"id":5,"innerCodeHex":"0x2005","innerLen":3}
{"ts":"2026-07-09T23:21:56.851Z","event":"lobby-response-sent","connectionId":10,"replyId":6,"requestInnerCodeHex":"0x2005","responseInnerBytes":21258}
{"ts":"2026-07-09T23:22:02.903Z","event":"frame-received","connectionId":10,"codeHex":"0x0030","length":18,"bodyBytes":16}
{"ts":"2026-07-09T23:22:02.909Z","event":"0030-decoded","connectionId":10,"id":6,"innerCodeHex":"0x2009","innerLen":4}
{"ts":"2026-07-09T23:22:02.910Z","event":"session-login","connectionId":10,"createPending":false,"characterId":1,"sessionId":1,"responseIsMsg32":true,"responseHex":"00000000200a0100007fbb1c000000000001","innerHex":"20090100"}
{"ts":"2026-07-09T23:22:02.916Z","event":"world-response-sent","connectionId":10,"kind":"session-login-redirect","codes":[8202],"responseCount":1,"cell":null,"text":null}
{"ts":"2026-07-09T23:22:02.929Z","event":"peer-fin","connectionId":10}
{"ts":"2026-07-09T23:22:02.929Z","event":"connection-closed","connectionId":10,"hadError":false}
{"ts":"2026-07-09T23:22:02.930Z","event":"connection-opened","connectionId":11,"remoteAddress":"127.0.0.1","remotePort":4734}
{"ts":"2026-07-09T23:22:02.935Z","event":"frame-received","connectionId":11,"codeHex":"0x0034","length":26,"bodyBytes":24}
{"ts":"2026-07-09T23:22:02.941Z","event":"phase3-sent","connectionId":11,"codeHex":"0x0035","phase1KeyBytes":16,"sequence":1}
{"ts":"2026-07-09T23:22:02.941Z","event":"frame-received","connectionId":11,"codeHex":"0x0036","length":10,"bodyBytes":8}
{"ts":"2026-07-09T23:22:02.942Z","event":"frame-received","connectionId":11,"codeHex":"0x0030","length":18,"bodyBytes":16}
{"ts":"2026-07-09T23:22:02.949Z","event":"0030-decoded","connectionId":11,"id":1,"innerCodeHex":"0x0020","innerLen":6}
{"ts":"2026-07-09T23:22:02.950Z","event":"lobby-session-init","connectionId":11,"id":1}
{"ts":"2026-07-09T23:22:02.950Z","event":"frame-received","connectionId":11,"codeHex":"0x0030","length":42,"bodyBytes":40}
{"ts":"2026-07-09T23:22:02.955Z","event":"0030-decoded","connectionId":11,"id":2,"innerCodeHex":"0x0200","innerLen":25}
{"ts":"2026-07-09T23:22:02.961Z","event":"ss-login-ok-sent","connectionId":11,"replyId":3,"account":"inei00","requestInnerBytes":25,"responseHex":"00000000020101","note":"world records deferred to 0x0205 SSGameLoginRequest"}
{"ts":"2026-07-09T23:22:04.464Z","event":"frame-received","connectionId":11,"codeHex":"0x0030","length":18,"bodyBytes":16}
{"ts":"2026-07-09T23:22:04.470Z","event":"0030-decoded","connectionId":11,"id":3,"innerCodeHex":"0x0205","innerLen":2}
{"ts":"2026-07-09T23:22:04.557Z","event":"world-response-sent","connectionId":11,"kind":"world-enter","codes":[518,516,803,805],"responseCount":4,"cell":null,"text":null}
{"ts":"2026-07-09T23:22:04.557Z","event":"frame-received","connectionId":11,"codeHex":"0x0030","length":18,"bodyBytes":16}
{"ts":"2026-07-09T23:22:04.565Z","event":"0030-decoded","connectionId":11,"id":4,"innerCodeHex":"0x0304","innerLen":2}
{"ts":"2026-07-09T23:22:04.596Z","event":"world-response-sent","connectionId":11,"kind":"admission","codes":null,"responseCount":1,"cell":null,"text":null}
{"ts":"2026-07-09T23:22:04.601Z","event":"frame-received","connectionId":11,"codeHex":"0x0030","length":18,"bodyBytes":16}
{"ts":"2026-07-09T23:22:04.607Z","event":"0030-decoded","connectionId":11,"id":5,"innerCodeHex":"0x0306","innerLen":2}
{"ts":"2026-07-09T23:22:04.685Z","event":"world-response-sent","connectionId":11,"kind":"admission","codes":null,"responseCount":1,"cell":null,"text":null}
{"ts":"2026-07-09T23:22:04.686Z","event":"frame-received","connectionId":11,"codeHex":"0x0030","length":18,"bodyBytes":16}
{"ts":"2026-07-09T23:22:04.692Z","event":"0030-decoded","connectionId":11,"id":6,"innerCodeHex":"0x0314","innerLen":2}
{"ts":"2026-07-09T23:22:04.875Z","event":"world-response-sent","connectionId":11,"kind":"admission-world-ready","codes":null,"responseCount":8,"cell":null,"text":null}
{"ts":"2026-07-09T23:22:53.087Z","event":"socket-error","connectionId":11,"message":"read ECONNRESET"}
{"ts":"2026-07-09T23:22:53.087Z","event":"connection-closed","connectionId":11,"hadError":true}
{"ts":"2026-07-09T23:24:33.606Z","event":"connection-opened","connectionId":12,"remoteAddress":"127.0.0.1","remotePort":4773}
{"ts":"2026-07-09T23:24:33.609Z","event":"frame-received","connectionId":12,"codeHex":"0x0034","length":26,"bodyBytes":24}
{"ts":"2026-07-09T23:24:33.615Z","event":"phase3-sent","connectionId":12,"codeHex":"0x0035","phase1KeyBytes":16,"sequence":1}
{"ts":"2026-07-09T23:24:33.621Z","event":"frame-received","connectionId":12,"codeHex":"0x0036","length":10,"bodyBytes":8}
{"ts":"2026-07-09T23:24:33.621Z","event":"frame-received","connectionId":12,"codeHex":"0x0030","length":50,"bodyBytes":48}
{"ts":"2026-07-09T23:24:33.627Z","event":"0030-decoded","connectionId":12,"id":1,"innerCodeHex":"0x7000","innerLen":39}
{"ts":"2026-07-09T23:24:33.628Z","event":"login-credential","connectionId":12,"account":"inei00","authOk":true,"reason":null}
{"ts":"2026-07-09T23:24:33.639Z","event":"login-response-sent","connectionId":12,"keysetupCodeHex":"0x0031","redirectCodeHex":"0x7001","gin7KeyHex":"47494e370001000000070069006e006500690030003000000600640075006d006d00790000"}
{"ts":"2026-07-09T23:24:33.640Z","event":"peer-fin","connectionId":12}
{"ts":"2026-07-09T23:24:33.640Z","event":"connection-closed","connectionId":12,"hadError":false}
{"ts":"2026-07-09T23:24:33.640Z","event":"connection-opened","connectionId":13,"remoteAddress":"127.0.0.1","remotePort":4774}
{"ts":"2026-07-09T23:24:33.647Z","event":"frame-received","connectionId":13,"codeHex":"0x0034","length":26,"bodyBytes":24}
{"ts":"2026-07-09T23:24:33.653Z","event":"phase3-sent","connectionId":13,"codeHex":"0x0035","phase1KeyBytes":16,"sequence":1}
{"ts":"2026-07-09T23:24:33.659Z","event":"frame-received","connectionId":13,"codeHex":"0x0036","length":10,"bodyBytes":8}
{"ts":"2026-07-09T23:24:33.659Z","event":"frame-received","connectionId":13,"codeHex":"0x0030","length":18,"bodyBytes":16}
{"ts":"2026-07-09T23:24:33.665Z","event":"0030-decoded","connectionId":13,"id":1,"innerCodeHex":"0x0020","innerLen":6}
{"ts":"2026-07-09T23:24:33.665Z","event":"lobby-session-init","connectionId":13,"id":1}
{"ts":"2026-07-09T23:24:33.665Z","event":"frame-received","connectionId":13,"codeHex":"0x0030","length":42,"bodyBytes":40}
{"ts":"2026-07-09T23:24:33.671Z","event":"0030-decoded","connectionId":13,"id":2,"innerCodeHex":"0x2000","innerLen":25}
{"ts":"2026-07-09T23:24:33.677Z","event":"lobby-login-ok-sent","connectionId":13,"account":"inei00","replyId":3,"okCodeHex":"0x2001","okFormat":"message32","subheaderLen":4,"characterCount":1}
{"ts":"2026-07-09T23:24:44.409Z","event":"frame-received","connectionId":13,"codeHex":"0x0030","length":18,"bodyBytes":16}
{"ts":"2026-07-09T23:24:44.415Z","event":"0030-decoded","connectionId":13,"id":3,"innerCodeHex":"0x2003","innerLen":2}
{"ts":"2026-07-09T23:24:44.425Z","event":"lobby-response-sent","connectionId":13,"replyId":4,"requestInnerCodeHex":"0x2003","responseInnerBytes":1762}
{"ts":"2026-07-09T23:24:44.435Z","event":"frame-received","connectionId":13,"codeHex":"0x0030","length":18,"bodyBytes":16}
{"ts":"2026-07-09T23:24:44.441Z","event":"0030-decoded","connectionId":13,"id":4,"innerCodeHex":"0x2005","innerLen":3}
{"ts":"2026-07-09T23:24:44.473Z","event":"lobby-response-sent","connectionId":13,"replyId":5,"requestInnerCodeHex":"0x2005","responseInnerBytes":21258}
{"ts":"2026-07-09T23:24:44.482Z","event":"frame-received","connectionId":13,"codeHex":"0x0030","length":18,"bodyBytes":16}
{"ts":"2026-07-09T23:24:44.489Z","event":"0030-decoded","connectionId":13,"id":5,"innerCodeHex":"0x2005","innerLen":3}
{"ts":"2026-07-09T23:24:44.521Z","event":"lobby-response-sent","connectionId":13,"replyId":6,"requestInnerCodeHex":"0x2005","responseInnerBytes":21258}
{"ts":"2026-07-09T23:24:50.636Z","event":"frame-received","connectionId":13,"codeHex":"0x0030","length":18,"bodyBytes":16}
{"ts":"2026-07-09T23:24:50.644Z","event":"0030-decoded","connectionId":13,"id":6,"innerCodeHex":"0x2009","innerLen":4}
{"ts":"2026-07-09T23:24:50.644Z","event":"session-login","connectionId":13,"createPending":false,"characterId":1,"sessionId":1,"responseIsMsg32":true,"responseHex":"00000000200a0100007fbb1c000000000001","innerHex":"20090100"}
{"ts":"2026-07-09T23:24:50.650Z","event":"world-response-sent","connectionId":13,"kind":"session-login-redirect","codes":[8202],"responseCount":1,"cell":null,"text":null}
{"ts":"2026-07-09T23:24:50.663Z","event":"peer-fin","connectionId":13}
{"ts":"2026-07-09T23:24:50.664Z","event":"connection-closed","connectionId":13,"hadError":false}
{"ts":"2026-07-09T23:24:50.664Z","event":"connection-opened","connectionId":14,"remoteAddress":"127.0.0.1","remotePort":4782}
{"ts":"2026-07-09T23:24:50.670Z","event":"frame-received","connectionId":14,"codeHex":"0x0034","length":26,"bodyBytes":24}
{"ts":"2026-07-09T23:24:50.677Z","event":"phase3-sent","connectionId":14,"codeHex":"0x0035","phase1KeyBytes":16,"sequence":1}
{"ts":"2026-07-09T23:24:50.683Z","event":"frame-received","connectionId":14,"codeHex":"0x0036","length":10,"bodyBytes":8}
{"ts":"2026-07-09T23:24:50.683Z","event":"frame-received","connectionId":14,"codeHex":"0x0030","length":18,"bodyBytes":16}
{"ts":"2026-07-09T23:24:50.689Z","event":"0030-decoded","connectionId":14,"id":1,"innerCodeHex":"0x0020","innerLen":6}
{"ts":"2026-07-09T23:24:50.689Z","event":"lobby-session-init","connectionId":14,"id":1}
{"ts":"2026-07-09T23:24:50.690Z","event":"frame-received","connectionId":14,"codeHex":"0x0030","length":42,"bodyBytes":40}
{"ts":"2026-07-09T23:24:50.696Z","event":"0030-decoded","connectionId":14,"id":2,"innerCodeHex":"0x0200","innerLen":25}
{"ts":"2026-07-09T23:24:50.702Z","event":"ss-login-ok-sent","connectionId":14,"replyId":3,"account":"inei00","requestInnerBytes":25,"responseHex":"00000000020101","note":"world records deferred to 0x0205 SSGameLoginRequest"}
{"ts":"2026-07-09T23:24:52.213Z","event":"frame-received","connectionId":14,"codeHex":"0x0030","length":18,"bodyBytes":16}
{"ts":"2026-07-09T23:24:52.219Z","event":"0030-decoded","connectionId":14,"id":3,"innerCodeHex":"0x0205","innerLen":2}
{"ts":"2026-07-09T23:24:52.305Z","event":"world-response-sent","connectionId":14,"kind":"world-enter","codes":[518,516,803,805],"responseCount":4,"cell":null,"text":null}
{"ts":"2026-07-09T23:24:52.305Z","event":"frame-received","connectionId":14,"codeHex":"0x0030","length":18,"bodyBytes":16}
{"ts":"2026-07-09T23:24:52.311Z","event":"0030-decoded","connectionId":14,"id":4,"innerCodeHex":"0x0304","innerLen":2}
{"ts":"2026-07-09T23:24:52.342Z","event":"world-response-sent","connectionId":14,"kind":"admission","codes":null,"responseCount":1,"cell":null,"text":null}
{"ts":"2026-07-09T23:24:52.346Z","event":"frame-received","connectionId":14,"codeHex":"0x0030","length":18,"bodyBytes":16}
{"ts":"2026-07-09T23:24:52.352Z","event":"0030-decoded","connectionId":14,"id":5,"innerCodeHex":"0x0306","innerLen":2}
{"ts":"2026-07-09T23:24:52.423Z","event":"world-response-sent","connectionId":14,"kind":"admission","codes":null,"responseCount":1,"cell":null,"text":null}
{"ts":"2026-07-09T23:24:52.425Z","event":"frame-received","connectionId":14,"codeHex":"0x0030","length":18,"bodyBytes":16}
{"ts":"2026-07-09T23:24:52.430Z","event":"0030-decoded","connectionId":14,"id":6,"innerCodeHex":"0x0314","innerLen":2}
{"ts":"2026-07-09T23:24:52.593Z","event":"world-response-sent","connectionId":14,"kind":"admission-world-ready","codes":null,"responseCount":8,"cell":null,"text":null}
{"ts":"2026-07-09T23:25:40.790Z","event":"socket-error","connectionId":14,"message":"read ECONNRESET"}
{"ts":"2026-07-09T23:25:40.791Z","event":"connection-closed","connectionId":14,"hadError":true}
