{"ts":"2026-07-09T15:27:07.851Z","event":"server-listening","address":{"address":"127.0.0.1","family":"IPv4","port":47900}}
{"ts":"2026-07-09T15:27:07.851Z","event":"m2-lottery-server-ready","address":{"address":"127.0.0.1","family":"IPv4","port":47900},"store":".omo/live-qa/m2-lottery-20260710-0026/store.json"}
{"ts":"2026-07-09T15:28:26.641Z","event":"connection-opened","connectionId":1,"remoteAddress":"127.0.0.1","remotePort":12085}
{"ts":"2026-07-09T15:28:26.644Z","event":"frame-received","connectionId":1,"codeHex":"0x0034","length":26,"bodyBytes":24}
{"ts":"2026-07-09T15:28:26.656Z","event":"phase3-sent","connectionId":1,"codeHex":"0x0035","phase1KeyBytes":16,"sequence":1}
{"ts":"2026-07-09T15:28:26.662Z","event":"frame-received","connectionId":1,"codeHex":"0x0036","length":10,"bodyBytes":8}
{"ts":"2026-07-09T15:28:26.671Z","event":"frame-received","connectionId":1,"codeHex":"0x0030","length":50,"bodyBytes":48}
{"ts":"2026-07-09T15:28:26.678Z","event":"0030-decoded","connectionId":1,"id":1,"innerCodeHex":"0x7000","innerLen":39}
{"ts":"2026-07-09T15:28:26.679Z","event":"login-credential","connectionId":1,"account":"inei00","authOk":true,"reason":null}
{"ts":"2026-07-09T15:28:26.693Z","event":"login-response-sent","connectionId":1,"keysetupCodeHex":"0x0031","redirectCodeHex":"0x7001","gin7KeyHex":"47494e370001000000070069006e006500690030003000000600640075006d006d00790000"}
{"ts":"2026-07-09T15:28:26.694Z","event":"peer-fin","connectionId":1}
{"ts":"2026-07-09T15:28:26.695Z","event":"connection-closed","connectionId":1,"hadError":false}
{"ts":"2026-07-09T15:28:26.695Z","event":"connection-opened","connectionId":2,"remoteAddress":"127.0.0.1","remotePort":12086}
{"ts":"2026-07-09T15:28:26.700Z","event":"frame-received","connectionId":2,"codeHex":"0x0034","length":26,"bodyBytes":24}
{"ts":"2026-07-09T15:28:26.707Z","event":"phase3-sent","connectionId":2,"codeHex":"0x0035","phase1KeyBytes":16,"sequence":1}
{"ts":"2026-07-09T15:28:26.712Z","event":"frame-received","connectionId":2,"codeHex":"0x0036","length":10,"bodyBytes":8}
{"ts":"2026-07-09T15:28:26.713Z","event":"frame-received","connectionId":2,"codeHex":"0x0030","length":18,"bodyBytes":16}
{"ts":"2026-07-09T15:28:26.718Z","event":"0030-decoded","connectionId":2,"id":1,"innerCodeHex":"0x0020","innerLen":6}
{"ts":"2026-07-09T15:28:26.718Z","event":"lobby-session-init","connectionId":2,"id":1}
{"ts":"2026-07-09T15:28:26.719Z","event":"frame-received","connectionId":2,"codeHex":"0x0030","length":42,"bodyBytes":40}
{"ts":"2026-07-09T15:28:26.726Z","event":"0030-decoded","connectionId":2,"id":2,"innerCodeHex":"0x2000","innerLen":25}
{"ts":"2026-07-09T15:28:26.732Z","event":"lobby-login-ok-sent","connectionId":2,"account":"inei00","replyId":3,"okCodeHex":"0x2001","okFormat":"message32","subheaderLen":4,"characterCount":0}
{"ts":"2026-07-09T15:28:37.442Z","event":"frame-received","connectionId":2,"codeHex":"0x0030","length":18,"bodyBytes":16}
{"ts":"2026-07-09T15:28:37.448Z","event":"0030-decoded","connectionId":2,"id":3,"innerCodeHex":"0x2003","innerLen":2}
{"ts":"2026-07-09T15:28:37.459Z","event":"lobby-response-sent","connectionId":2,"replyId":4,"requestInnerCodeHex":"0x2003","responseInnerBytes":1762}
{"ts":"2026-07-09T15:28:37.471Z","event":"frame-received","connectionId":2,"codeHex":"0x0030","length":18,"bodyBytes":16}
{"ts":"2026-07-09T15:28:37.478Z","event":"0030-decoded","connectionId":2,"id":4,"innerCodeHex":"0x2005","innerLen":3}
{"ts":"2026-07-09T15:28:37.531Z","event":"lobby-response-sent","connectionId":2,"replyId":5,"requestInnerCodeHex":"0x2005","responseInnerBytes":21258}
{"ts":"2026-07-09T15:28:37.543Z","event":"frame-received","connectionId":2,"codeHex":"0x0030","length":18,"bodyBytes":16}
{"ts":"2026-07-09T15:28:37.554Z","event":"0030-decoded","connectionId":2,"id":5,"innerCodeHex":"0x2005","innerLen":3}
{"ts":"2026-07-09T15:28:37.588Z","event":"lobby-response-sent","connectionId":2,"replyId":6,"requestInnerCodeHex":"0x2005","responseInnerBytes":21258}
{"ts":"2026-07-09T15:37:06.977Z","event":"socket-error","connectionId":2,"message":"read ECONNRESET"}
{"ts":"2026-07-09T15:37:06.977Z","event":"connection-closed","connectionId":2,"hadError":true}
