INFO  Using log config file: jar:file:/C:/Users/user/AppData/Local/Programs/Ghidra/ghidra_12.1.2_PUBLIC/Ghidra/Framework/Generic/lib/Generic.jar!/generic.log4j.xml (LoggingInitialization)  
INFO  Using log file: C:\Users\user\AppData\Roaming\ghidra\ghidra_12.1.2_PUBLIC\application.log (LoggingInitialization)  
INFO  Loading user preferences: C:\Users\user\AppData\Roaming\ghidra\ghidra_12.1.2_PUBLIC\preferences (Preferences)  
INFO  Searching for classes... (ClassSearcher)  
INFO  Class search complete (1500 ms) (ClassSearcher)  
INFO  Initializing SSL Context (DefaultSSLContextInitializer)  
INFO  Initializing Random Number Generator... (SecureRandomFactory)  
INFO  Random Number Generator initialization complete: SHA1PRNG (SecureRandomFactory)  
INFO  Trust manager disabled, cacerts have not been set (DefaultTrustManagerFactory)  
INFO  Headless startup complete (4369 ms) (AnalyzeHeadless)  
INFO  Class searcher loaded 59 extension points (20 false positives) (ClassSearcher)  
INFO  HEADLESS Script Paths:
    C:\Users\user\AppData\Local\Programs\Ghidra\ghidra_12.1.2_PUBLIC\Ghidra\Features\BytePatterns\ghidra_scripts
    C:\Users\user\AppData\Local\Programs\Ghidra\ghidra_12.1.2_PUBLIC\Ghidra\Features\GnuDemangler\ghidra_scripts
    C:\Users\user\AppData\Local\Programs\Ghidra\ghidra_12.1.2_PUBLIC\Ghidra\Processors\PIC\ghidra_scripts
    C:\Users\user\AppData\Local\Programs\Ghidra\ghidra_12.1.2_PUBLIC\Ghidra\Features\FileFormats\ghidra_scripts
    C:\Users\user\AppData\Local\Programs\Ghidra\ghidra_12.1.2_PUBLIC\Ghidra\Features\VersionTracking\ghidra_scripts
    C:\Users\user\AppData\Local\Programs\Ghidra\ghidra_12.1.2_PUBLIC\Ghidra\Processors\JVM\ghidra_scripts
    C:\Users\user\AppData\Local\Programs\Ghidra\ghidra_12.1.2_PUBLIC\Ghidra\Processors\DATA\ghidra_scripts
    C:\Users\user\AppData\Local\Programs\Ghidra\ghidra_12.1.2_PUBLIC\Ghidra\Features\WildcardAssembler\ghidra_scripts
    C:\Users\user\AppData\Local\Programs\Ghidra\ghidra_12.1.2_PUBLIC\Ghidra\Processors\Atmel\ghidra_scripts
    C:\Users\user\AppData\Local\Programs\Ghidra\ghidra_12.1.2_PUBLIC\Ghidra\Features\SwiftDemangler\ghidra_scripts
    C:\Users\user\AppData\Local\Programs\Ghidra\ghidra_12.1.2_PUBLIC\Ghidra\Features\PDB\ghidra_scripts
    C:\Users\user\AppData\Local\Programs\Ghidra\ghidra_12.1.2_PUBLIC\Ghidra\Features\BSim\ghidra_scripts
    C:\Users\user\AppData\Local\Programs\Ghidra\ghidra_12.1.2_PUBLIC\Ghidra\Debug\Debugger\ghidra_scripts
    C:\Users\user\AppData\Local\Programs\Ghidra\ghidra_12.1.2_PUBLIC\Ghidra\Features\FunctionID\ghidra_scripts
    C:\Users\user\AppData\Local\Programs\Ghidra\ghidra_12.1.2_PUBLIC\Ghidra\Processors\8051\ghidra_scripts
    C:\Users\user\AppData\Local\Programs\Ghidra\ghidra_12.1.2_PUBLIC\Ghidra\Features\Base\ghidra_scripts
    C:\Users\user\AppData\Local\Programs\Ghidra\ghidra_12.1.2_PUBLIC\Ghidra\Features\Decompiler\ghidra_scripts
    C:\Users\user\AppData\Local\Programs\Ghidra\ghidra_12.1.2_PUBLIC\Ghidra\Features\PyGhidra\ghidra_scripts
    C:\Users\user\AppData\Local\Programs\Ghidra\ghidra_12.1.2_PUBLIC\Ghidra\Features\SystemEmulation\ghidra_scripts
    C:\Users\user\AppData\Local\Programs\Ghidra\ghidra_12.1.2_PUBLIC\Ghidra\Debug\Debugger-rmi-trace\ghidra_scripts
    C:\Users\user\AppData\Local\Programs\Ghidra\ghidra_12.1.2_PUBLIC\Ghidra\Features\DecompilerDependent\ghidra_scripts
    C:\Users\user\AppData\Local\Programs\Ghidra\ghidra_12.1.2_PUBLIC\Ghidra\Features\MicrosoftCodeAnalyzer\ghidra_scripts
    E:\logh7-revival\.omo\re-galaxy (HeadlessAnalyzer)  
INFO  HEADLESS: execution starts (HeadlessAnalyzer)  
INFO  Opening existing project: C:\Users\user\AppData\Local\Temp\ghidra-logh7\logh7proj (HeadlessAnalyzer)  
INFO  Opening project: C:\Users\user\AppData\Local\Temp\ghidra-logh7\logh7proj (HeadlessProject)  
INFO  REPORT: Processing project file: /g7mtclient.exe (HeadlessAnalyzer)  
INFO  REPORT: Execute script: ExportGalaxy.java  (HeadlessAnalyzer)  
INFO  SCRIPT: E:\logh7-revival\.omo\re-galaxy\ExportGalaxy.java (HeadlessAnalyzer)  
INFO  ExportGalaxy.java> EXPORT DONE funcs=11593 decomp=30 xref-funcs=30 (GhidraScript)  
INFO  REPORT: Save succeeded for processed file: /g7mtclient.exe (HeadlessAnalyzer)  
