{"ts":"2026-07-09T21:18:01.404Z","event":"server-listening","address":{"address":"127.0.0.1","family":"IPv4","port":47900}}
{"event":"m2-server-ready","address":{"address":"127.0.0.1","family":"IPv4","port":47900},"store":".omo/live-qa/m3-contractorder-20260710-0617/store.json"}
{"ts":"2026-07-09T21:18:53.075Z","event":"connection-opened","connectionId":1,"remoteAddress":"127.0.0.1","remotePort":2985}
{"ts":"2026-07-09T21:18:53.078Z","event":"frame-received","connectionId":1,"codeHex":"0x0034","length":26,"bodyBytes":24}
{"ts":"2026-07-09T21:18:53.090Z","event":"phase3-sent","connectionId":1,"codeHex":"0x0035","phase1KeyBytes":16,"sequence":1}
{"ts":"2026-07-09T21:18:53.091Z","event":"frame-received","connectionId":1,"codeHex":"0x0036","length":10,"bodyBytes":8}
{"ts":"2026-07-09T21:18:53.100Z","event":"frame-received","connectionId":1,"codeHex":"0x0030","length":50,"bodyBytes":48}
{"ts":"2026-07-09T21:18:53.107Z","event":"0030-decoded","connectionId":1,"id":1,"innerCodeHex":"0x7000","innerLen":39}
{"ts":"2026-07-09T21:18:53.108Z","event":"login-credential","connectionId":1,"account":"inei00","authOk":true,"reason":null}
{"ts":"2026-07-09T21:18:53.121Z","event":"login-response-sent","connectionId":1,"keysetupCodeHex":"0x0031","redirectCodeHex":"0x7001","gin7KeyHex":"47494e370001000000070069006e006500690030003000000600640075006d006d00790000"}
{"ts":"2026-07-09T21:18:53.124Z","event":"peer-fin","connectionId":1}
{"ts":"2026-07-09T21:18:53.125Z","event":"connection-closed","connectionId":1,"hadError":false}
{"ts":"2026-07-09T21:18:53.126Z","event":"connection-opened","connectionId":2,"remoteAddress":"127.0.0.1","remotePort":2986}
{"ts":"2026-07-09T21:18:53.131Z","event":"frame-received","connectionId":2,"codeHex":"0x0034","length":26,"bodyBytes":24}
{"ts":"2026-07-09T21:18:53.137Z","event":"phase3-sent","connectionId":2,"codeHex":"0x0035","phase1KeyBytes":16,"sequence":1}
{"ts":"2026-07-09T21:18:53.144Z","event":"frame-received","connectionId":2,"codeHex":"0x0036","length":10,"bodyBytes":8}
{"ts":"2026-07-09T21:18:53.144Z","event":"frame-received","connectionId":2,"codeHex":"0x0030","length":18,"bodyBytes":16}
{"ts":"2026-07-09T21:18:53.151Z","event":"0030-decoded","connectionId":2,"id":1,"innerCodeHex":"0x0020","innerLen":6}
{"ts":"2026-07-09T21:18:53.151Z","event":"lobby-session-init","connectionId":2,"id":1}
{"ts":"2026-07-09T21:18:53.151Z","event":"frame-received","connectionId":2,"codeHex":"0x0030","length":42,"bodyBytes":40}
{"ts":"2026-07-09T21:18:53.158Z","event":"0030-decoded","connectionId":2,"id":2,"innerCodeHex":"0x2000","innerLen":25}
{"ts":"2026-07-09T21:18:53.166Z","event":"lobby-login-ok-sent","connectionId":2,"account":"inei00","replyId":3,"okCodeHex":"0x2001","okFormat":"message32","subheaderLen":4,"characterCount":1}
{"ts":"2026-07-09T21:19:03.957Z","event":"frame-received","connectionId":2,"codeHex":"0x0030","length":18,"bodyBytes":16}
{"ts":"2026-07-09T21:19:03.963Z","event":"0030-decoded","connectionId":2,"id":3,"innerCodeHex":"0x2003","innerLen":2}
{"ts":"2026-07-09T21:19:03.972Z","event":"lobby-response-sent","connectionId":2,"replyId":4,"requestInnerCodeHex":"0x2003","responseInnerBytes":1762}
{"ts":"2026-07-09T21:19:03.981Z","event":"frame-received","connectionId":2,"codeHex":"0x0030","length":18,"bodyBytes":16}
{"ts":"2026-07-09T21:19:03.992Z","event":"0030-decoded","connectionId":2,"id":4,"innerCodeHex":"0x2005","innerLen":3}
{"ts":"2026-07-09T21:19:04.030Z","event":"lobby-response-sent","connectionId":2,"replyId":5,"requestInnerCodeHex":"0x2005","responseInnerBytes":21258}
{"ts":"2026-07-09T21:19:04.042Z","event":"frame-received","connectionId":2,"codeHex":"0x0030","length":18,"bodyBytes":16}
{"ts":"2026-07-09T21:19:04.048Z","event":"0030-decoded","connectionId":2,"id":5,"innerCodeHex":"0x2005","innerLen":3}
{"ts":"2026-07-09T21:19:04.081Z","event":"lobby-response-sent","connectionId":2,"replyId":6,"requestInnerCodeHex":"0x2005","responseInnerBytes":21258}
{"ts":"2026-07-09T21:20:17.347Z","event":"frame-received","connectionId":2,"codeHex":"0x0030","length":18,"bodyBytes":16}
{"ts":"2026-07-09T21:20:17.355Z","event":"0030-decoded","connectionId":2,"id":6,"innerCodeHex":"0x2009","innerLen":4}
{"ts":"2026-07-09T21:20:17.356Z","event":"session-login","connectionId":2,"createPending":false,"characterId":1,"sessionId":1,"responseIsMsg32":true,"responseHex":"00000000200a0100007fbb1c000000000001","innerHex":"20090100"}
{"ts":"2026-07-09T21:20:17.364Z","event":"world-response-sent","connectionId":2,"kind":"session-login-redirect","codes":[8202],"responseCount":1,"cell":null,"text":null}
{"ts":"2026-07-09T21:20:17.373Z","event":"peer-fin","connectionId":2}
{"ts":"2026-07-09T21:20:17.374Z","event":"connection-closed","connectionId":2,"hadError":false}
{"ts":"2026-07-09T21:20:17.374Z","event":"connection-opened","connectionId":3,"remoteAddress":"127.0.0.1","remotePort":2996}
{"ts":"2026-07-09T21:20:17.380Z","event":"frame-received","connectionId":3,"codeHex":"0x0034","length":26,"bodyBytes":24}
{"ts":"2026-07-09T21:20:17.387Z","event":"phase3-sent","connectionId":3,"codeHex":"0x0035","phase1KeyBytes":16,"sequence":1}
{"ts":"2026-07-09T21:20:17.394Z","event":"frame-received","connectionId":3,"codeHex":"0x0036","length":10,"bodyBytes":8}
{"ts":"2026-07-09T21:20:17.394Z","event":"frame-received","connectionId":3,"codeHex":"0x0030","length":18,"bodyBytes":16}
{"ts":"2026-07-09T21:20:17.401Z","event":"0030-decoded","connectionId":3,"id":1,"innerCodeHex":"0x0020","innerLen":6}
{"ts":"2026-07-09T21:20:17.401Z","event":"lobby-session-init","connectionId":3,"id":1}
{"ts":"2026-07-09T21:20:17.402Z","event":"frame-received","connectionId":3,"codeHex":"0x0030","length":42,"bodyBytes":40}
{"ts":"2026-07-09T21:20:17.408Z","event":"0030-decoded","connectionId":3,"id":2,"innerCodeHex":"0x0200","innerLen":25}
{"ts":"2026-07-09T21:20:17.414Z","event":"ss-login-ok-sent","connectionId":3,"replyId":3,"account":"inei00","requestInnerBytes":25,"responseHex":"00000000020101","note":"world records deferred to 0x0205 SSGameLoginRequest"}
{"ts":"2026-07-09T21:20:18.937Z","event":"frame-received","connectionId":3,"codeHex":"0x0030","length":18,"bodyBytes":16}
{"ts":"2026-07-09T21:20:18.943Z","event":"0030-decoded","connectionId":3,"id":3,"innerCodeHex":"0x0205","innerLen":2}
{"ts":"2026-07-09T21:20:19.032Z","event":"world-response-sent","connectionId":3,"kind":"world-enter","codes":[518,516,803,805],"responseCount":4,"cell":null,"text":null}
{"ts":"2026-07-09T21:20:19.032Z","event":"frame-received","connectionId":3,"codeHex":"0x0030","length":18,"bodyBytes":16}
{"ts":"2026-07-09T21:20:19.038Z","event":"0030-decoded","connectionId":3,"id":4,"innerCodeHex":"0x0205","innerLen":2}
{"ts":"2026-07-09T21:20:19.120Z","event":"world-response-sent","connectionId":3,"kind":"world-enter","codes":[518,516,803,805],"responseCount":4,"cell":null,"text":null}
{"ts":"2026-07-09T21:20:19.120Z","event":"frame-received","connectionId":3,"codeHex":"0x0030","length":18,"bodyBytes":16}
{"ts":"2026-07-09T21:20:19.126Z","event":"0030-decoded","connectionId":3,"id":5,"innerCodeHex":"0x0304","innerLen":2}
{"ts":"2026-07-09T21:20:19.157Z","event":"world-response-sent","connectionId":3,"kind":"admission","codes":null,"responseCount":1,"cell":null,"text":null}
{"ts":"2026-07-09T21:20:19.161Z","event":"frame-received","connectionId":3,"codeHex":"0x0030","length":18,"bodyBytes":16}
{"ts":"2026-07-09T21:20:19.167Z","event":"0030-decoded","connectionId":3,"id":6,"innerCodeHex":"0x0306","innerLen":2}
{"ts":"2026-07-09T21:20:19.242Z","event":"world-response-sent","connectionId":3,"kind":"admission","codes":null,"responseCount":1,"cell":null,"text":null}
{"ts":"2026-07-09T21:20:19.247Z","event":"frame-received","connectionId":3,"codeHex":"0x0030","length":18,"bodyBytes":16}
{"ts":"2026-07-09T21:20:19.254Z","event":"0030-decoded","connectionId":3,"id":7,"innerCodeHex":"0x0314","innerLen":2}
{"ts":"2026-07-09T21:20:19.350Z","event":"world-response-sent","connectionId":3,"kind":"admission-world-ready","codes":null,"responseCount":6,"cell":null,"text":null}
{"ts":"2026-07-09T21:24:20.531Z","event":"socket-error","connectionId":3,"message":"read ECONNRESET"}
{"ts":"2026-07-09T21:24:20.531Z","event":"connection-closed","connectionId":3,"hadError":true}
